running develop
running egg_info
creating low_level_control.egg-info
writing low_level_control.egg-info/PKG-INFO
writing dependency_links to low_level_control.egg-info/dependency_links.txt
writing entry points to low_level_control.egg-info/entry_points.txt
writing requirements to low_level_control.egg-info/requires.txt
writing top-level names to low_level_control.egg-info/top_level.txt
writing manifest file 'low_level_control.egg-info/SOURCES.txt'
reading manifest file 'low_level_control.egg-info/SOURCES.txt'
writing manifest file 'low_level_control.egg-info/SOURCES.txt'
running build_ext
Creating /home/banana-killer/unitree_workspaces_and_repos/unitree_h1_control_ws/src/install/low_level_control/lib/python3.8/site-packages/site.py
Creating /home/banana-killer/unitree_workspaces_and_repos/unitree_h1_control_ws/src/install/low_level_control/lib/python3.8/site-packages/low-level-control.egg-link (link to .)
Installing hands_init_node script to /home/banana-killer/unitree_workspaces_and_repos/unitree_h1_control_ws/src/install/low_level_control/lib/low_level_control
Installing hands_node_with_lib script to /home/banana-killer/unitree_workspaces_and_repos/unitree_h1_control_ws/src/install/low_level_control/lib/low_level_control
Installing low_level_control_with_hands_node script to /home/banana-killer/unitree_workspaces_and_repos/unitree_h1_control_ws/src/install/low_level_control/lib/low_level_control
Installing low_level_control_without_hands_node script to /home/banana-killer/unitree_workspaces_and_repos/unitree_h1_control_ws/src/install/low_level_control/lib/low_level_control
Installing wrist_control_node script to /home/banana-killer/unitree_workspaces_and_repos/unitree_h1_control_ws/src/install/low_level_control/lib/low_level_control

Installed /home/banana-killer/unitree_workspaces_and_repos/unitree_h1_control_ws/src/build/low_level_control
running symlink_data
creating /home/banana-killer/unitree_workspaces_and_repos/unitree_h1_control_ws/src/install/low_level_control/share/ament_index
creating /home/banana-killer/unitree_workspaces_and_repos/unitree_h1_control_ws/src/install/low_level_control/share/ament_index/resource_index
creating /home/banana-killer/unitree_workspaces_and_repos/unitree_h1_control_ws/src/install/low_level_control/share/ament_index/resource_index/packages
symbolically linking /home/banana-killer/unitree_workspaces_and_repos/unitree_h1_control_ws/src/build/low_level_control/resource/low_level_control -> /home/banana-killer/unitree_workspaces_and_repos/unitree_h1_control_ws/src/install/low_level_control/share/ament_index/resource_index/packages
symbolically linking /home/banana-killer/unitree_workspaces_and_repos/unitree_h1_control_ws/src/build/low_level_control/package.xml -> /home/banana-killer/unitree_workspaces_and_repos/unitree_h1_control_ws/src/install/low_level_control/share/low_level_control
symbolically linking /home/banana-killer/unitree_workspaces_and_repos/unitree_h1_control_ws/src/build/low_level_control/resource/communication_pack/build/inspire_hand -> /home/banana-killer/unitree_workspaces_and_repos/unitree_h1_control_ws/src/install/low_level_control/share/low_level_control
