[1.417s] Invoking command in '/home/banana-killer/unitree_workspaces_and_repos/unitree_h1_control_ws/src/build/low_level_control': PYTHONPATH=/home/banana-killer/unitree_workspaces_and_repos/unitree_h1_control_ws/src/build/low_level_control/prefix_override:/usr/lib/python3/dist-packages/colcon_core/task/python/colcon_distutils_commands:/home/banana-killer/unitree_workspaces_and_repos/unitree_h1_control_ws/src/install/low_level_control/lib/python3.8/site-packages:${PYTHONPATH} /usr/bin/python3 -W ignore:setup.py install is deprecated -W ignore:easy_install command is deprecated setup.py develop --editable --build-directory /home/banana-killer/unitree_workspaces_and_repos/unitree_h1_control_ws/src/build/low_level_control/build --no-deps symlink_data
[1.691s] running develop
[1.913s] running egg_info
[1.913s] creating low_level_control.egg-info
[1.914s] writing low_level_control.egg-info/PKG-INFO
[1.914s] writing dependency_links to low_level_control.egg-info/dependency_links.txt
[1.916s] writing entry points to low_level_control.egg-info/entry_points.txt
[1.916s] writing requirements to low_level_control.egg-info/requires.txt
[1.916s] writing top-level names to low_level_control.egg-info/top_level.txt
[1.916s] writing manifest file 'low_level_control.egg-info/SOURCES.txt'
[1.959s] reading manifest file 'low_level_control.egg-info/SOURCES.txt'
[1.960s] writing manifest file 'low_level_control.egg-info/SOURCES.txt'
[2.014s] running build_ext
[2.016s] Creating /home/banana-killer/unitree_workspaces_and_repos/unitree_h1_control_ws/src/install/low_level_control/lib/python3.8/site-packages/site.py
[2.016s] Creating /home/banana-killer/unitree_workspaces_and_repos/unitree_h1_control_ws/src/install/low_level_control/lib/python3.8/site-packages/low-level-control.egg-link (link to .)
[2.016s] Installing hands_init_node script to /home/banana-killer/unitree_workspaces_and_repos/unitree_h1_control_ws/src/install/low_level_control/lib/low_level_control
[2.016s] Installing hands_node_with_lib script to /home/banana-killer/unitree_workspaces_and_repos/unitree_h1_control_ws/src/install/low_level_control/lib/low_level_control
[2.016s] Installing low_level_control_with_hands_node script to /home/banana-killer/unitree_workspaces_and_repos/unitree_h1_control_ws/src/install/low_level_control/lib/low_level_control
[2.016s] Installing low_level_control_without_hands_node script to /home/banana-killer/unitree_workspaces_and_repos/unitree_h1_control_ws/src/install/low_level_control/lib/low_level_control
[2.017s] Installing wrist_control_node script to /home/banana-killer/unitree_workspaces_and_repos/unitree_h1_control_ws/src/install/low_level_control/lib/low_level_control
[2.017s] 
[2.017s] Installed /home/banana-killer/unitree_workspaces_and_repos/unitree_h1_control_ws/src/build/low_level_control
[2.017s] running symlink_data
[2.017s] creating /home/banana-killer/unitree_workspaces_and_repos/unitree_h1_control_ws/src/install/low_level_control/share/ament_index
[2.017s] creating /home/banana-killer/unitree_workspaces_and_repos/unitree_h1_control_ws/src/install/low_level_control/share/ament_index/resource_index
[2.017s] creating /home/banana-killer/unitree_workspaces_and_repos/unitree_h1_control_ws/src/install/low_level_control/share/ament_index/resource_index/packages
[2.017s] symbolically linking /home/banana-killer/unitree_workspaces_and_repos/unitree_h1_control_ws/src/build/low_level_control/resource/low_level_control -> /home/banana-killer/unitree_workspaces_and_repos/unitree_h1_control_ws/src/install/low_level_control/share/ament_index/resource_index/packages
[2.017s] symbolically linking /home/banana-killer/unitree_workspaces_and_repos/unitree_h1_control_ws/src/build/low_level_control/package.xml -> /home/banana-killer/unitree_workspaces_and_repos/unitree_h1_control_ws/src/install/low_level_control/share/low_level_control
[2.017s] symbolically linking /home/banana-killer/unitree_workspaces_and_repos/unitree_h1_control_ws/src/build/low_level_control/resource/communication_pack/build/inspire_hand -> /home/banana-killer/unitree_workspaces_and_repos/unitree_h1_control_ws/src/install/low_level_control/share/low_level_control
[2.063s] Invoked command in '/home/banana-killer/unitree_workspaces_and_repos/unitree_h1_control_ws/src/build/low_level_control' returned '0': PYTHONPATH=/home/banana-killer/unitree_workspaces_and_repos/unitree_h1_control_ws/src/build/low_level_control/prefix_override:/usr/lib/python3/dist-packages/colcon_core/task/python/colcon_distutils_commands:/home/banana-killer/unitree_workspaces_and_repos/unitree_h1_control_ws/src/install/low_level_control/lib/python3.8/site-packages:${PYTHONPATH} /usr/bin/python3 -W ignore:setup.py install is deprecated -W ignore:easy_install command is deprecated setup.py develop --editable --build-directory /home/banana-killer/unitree_workspaces_and_repos/unitree_h1_control_ws/src/build/low_level_control/build --no-deps symlink_data
