[0.134s] DEBUG:colcon:Command line arguments: ['/usr/bin/colcon', 'build', '--symlink-install']
[0.134s] DEBUG:colcon:Parsed command line arguments: Namespace(allow_overriding=[], ament_cmake_args=None, base_paths=['.'], build_base='build', catkin_cmake_args=None, catkin_skip_building_tests=False, cmake_args=None, cmake_clean_cache=False, cmake_clean_first=False, cmake_force_configure=False, cmake_target=None, cmake_target_skip_unavailable=False, continue_on_error=False, event_handlers=None, executor='parallel', ignore_user_meta=False, install_base='install', log_base=None, log_level=None, main=<bound method BuildVerb.main of <colcon_core.verb.build.BuildVerb object at 0x7f5a111bf1f0>>, merge_install=False, metas=['./colcon.meta'], mixin=None, mixin_files=None, mixin_verb=('build',), packages_above=None, packages_above_and_dependencies=None, packages_above_depth=None, packages_end=None, packages_ignore=None, packages_ignore_regex=None, packages_select=None, packages_select_build_failed=False, packages_select_by_dep=None, packages_select_regex=None, packages_select_test_failures=False, packages_skip=None, packages_skip_build_finished=False, packages_skip_by_dep=None, packages_skip_regex=None, packages_skip_test_passed=False, packages_skip_up_to=None, packages_start=None, packages_up_to=None, packages_up_to_regex=None, parallel_workers=12, paths=None, symlink_install=True, test_result_base=None, verb_extension=<colcon_core.verb.build.BuildVerb object at 0x7f5a111bf1f0>, verb_name='build', verb_parser=<colcon_mixin.mixin.mixin_argument.MixinArgumentDecorator object at 0x7f5a111bf790>)
[0.229s] Level 1:colcon.colcon_core.package_discovery:discover_packages(colcon_meta) check parameters
[0.229s] Level 1:colcon.colcon_core.package_discovery:discover_packages(recursive) check parameters
[0.229s] Level 1:colcon.colcon_core.package_discovery:discover_packages(ignore) check parameters
[0.229s] Level 1:colcon.colcon_core.package_discovery:discover_packages(path) check parameters
[0.229s] Level 1:colcon.colcon_core.package_discovery:discover_packages(colcon_meta) discover
[0.229s] Level 1:colcon.colcon_core.package_discovery:discover_packages(recursive) discover
[0.229s] INFO:colcon.colcon_core.package_discovery:Crawling recursively for packages in '/home/banana-killer/unitree_workspaces_and_repos/unitree_h1_control_ws/src'
[0.229s] Level 1:colcon.colcon_core.package_identification:_identify(.) by extensions ['ignore', 'ignore_ament_install']
[0.229s] Level 1:colcon.colcon_core.package_identification:_identify(.) by extension 'ignore'
[0.229s] Level 1:colcon.colcon_core.package_identification:_identify(.) by extension 'ignore_ament_install'
[0.229s] Level 1:colcon.colcon_core.package_identification:_identify(.) by extensions ['colcon_pkg']
[0.229s] Level 1:colcon.colcon_core.package_identification:_identify(.) by extension 'colcon_pkg'
[0.229s] Level 1:colcon.colcon_core.package_identification:_identify(.) by extensions ['colcon_meta']
[0.229s] Level 1:colcon.colcon_core.package_identification:_identify(.) by extension 'colcon_meta'
[0.229s] Level 1:colcon.colcon_core.package_identification:_identify(.) by extensions ['ros']
[0.229s] Level 1:colcon.colcon_core.package_identification:_identify(.) by extension 'ros'
[0.236s] Level 1:colcon.colcon_core.package_identification:_identify(.) by extensions ['cmake', 'python']
[0.236s] Level 1:colcon.colcon_core.package_identification:_identify(.) by extension 'cmake'
[0.236s] Level 1:colcon.colcon_core.package_identification:_identify(.) by extension 'python'
[0.236s] Level 1:colcon.colcon_core.package_identification:_identify(.) by extensions ['python_setup_py']
[0.236s] Level 1:colcon.colcon_core.package_identification:_identify(.) by extension 'python_setup_py'
[0.236s] Level 1:colcon.colcon_core.package_identification:_identify(build) by extensions ['ignore', 'ignore_ament_install']
[0.236s] Level 1:colcon.colcon_core.package_identification:_identify(build) by extension 'ignore'
[0.236s] Level 1:colcon.colcon_core.package_identification:_identify(build) ignored
[0.236s] Level 1:colcon.colcon_core.package_identification:_identify(cmd_to_high_level_control_package) by extensions ['ignore', 'ignore_ament_install']
[0.236s] Level 1:colcon.colcon_core.package_identification:_identify(cmd_to_high_level_control_package) by extension 'ignore'
[0.236s] Level 1:colcon.colcon_core.package_identification:_identify(cmd_to_high_level_control_package) by extension 'ignore_ament_install'
[0.236s] Level 1:colcon.colcon_core.package_identification:_identify(cmd_to_high_level_control_package) by extensions ['colcon_pkg']
[0.236s] Level 1:colcon.colcon_core.package_identification:_identify(cmd_to_high_level_control_package) by extension 'colcon_pkg'
[0.236s] Level 1:colcon.colcon_core.package_identification:_identify(cmd_to_high_level_control_package) by extensions ['colcon_meta']
[0.236s] Level 1:colcon.colcon_core.package_identification:_identify(cmd_to_high_level_control_package) by extension 'colcon_meta'
[0.236s] Level 1:colcon.colcon_core.package_identification:_identify(cmd_to_high_level_control_package) by extensions ['ros']
[0.236s] Level 1:colcon.colcon_core.package_identification:_identify(cmd_to_high_level_control_package) by extension 'ros'
[0.238s] DEBUG:colcon.colcon_core.package_identification:Package 'cmd_to_high_level_control_package' with type 'ros.ament_python' and name 'cmd_to_high_level_control_package'
[0.238s] Level 1:colcon.colcon_core.package_identification:_identify(completed_scripts_control) by extensions ['ignore', 'ignore_ament_install']
[0.238s] Level 1:colcon.colcon_core.package_identification:_identify(completed_scripts_control) by extension 'ignore'
[0.238s] Level 1:colcon.colcon_core.package_identification:_identify(completed_scripts_control) by extension 'ignore_ament_install'
[0.238s] Level 1:colcon.colcon_core.package_identification:_identify(completed_scripts_control) by extensions ['colcon_pkg']
[0.238s] Level 1:colcon.colcon_core.package_identification:_identify(completed_scripts_control) by extension 'colcon_pkg'
[0.238s] Level 1:colcon.colcon_core.package_identification:_identify(completed_scripts_control) by extensions ['colcon_meta']
[0.238s] Level 1:colcon.colcon_core.package_identification:_identify(completed_scripts_control) by extension 'colcon_meta'
[0.238s] Level 1:colcon.colcon_core.package_identification:_identify(completed_scripts_control) by extensions ['ros']
[0.238s] Level 1:colcon.colcon_core.package_identification:_identify(completed_scripts_control) by extension 'ros'
[0.238s] DEBUG:colcon.colcon_core.package_identification:Package 'completed_scripts_control' with type 'ros.ament_python' and name 'completed_scripts_control'
[0.238s] Level 1:colcon.colcon_core.package_identification:_identify(docs) by extensions ['ignore', 'ignore_ament_install']
[0.238s] Level 1:colcon.colcon_core.package_identification:_identify(docs) by extension 'ignore'
[0.238s] Level 1:colcon.colcon_core.package_identification:_identify(docs) ignored
[0.238s] Level 1:colcon.colcon_core.package_identification:_identify(gui_control) by extensions ['ignore', 'ignore_ament_install']
[0.238s] Level 1:colcon.colcon_core.package_identification:_identify(gui_control) by extension 'ignore'
[0.239s] Level 1:colcon.colcon_core.package_identification:_identify(gui_control) by extension 'ignore_ament_install'
[0.239s] Level 1:colcon.colcon_core.package_identification:_identify(gui_control) by extensions ['colcon_pkg']
[0.239s] Level 1:colcon.colcon_core.package_identification:_identify(gui_control) by extension 'colcon_pkg'
[0.239s] Level 1:colcon.colcon_core.package_identification:_identify(gui_control) by extensions ['colcon_meta']
[0.239s] Level 1:colcon.colcon_core.package_identification:_identify(gui_control) by extension 'colcon_meta'
[0.239s] Level 1:colcon.colcon_core.package_identification:_identify(gui_control) by extensions ['ros']
[0.239s] Level 1:colcon.colcon_core.package_identification:_identify(gui_control) by extension 'ros'
[0.240s] DEBUG:colcon.colcon_core.package_identification:Package 'gui_control' with type 'ros.ament_python' and name 'gui_control'
[0.240s] Level 1:colcon.colcon_core.package_identification:_identify(h1_info_library) by extensions ['ignore', 'ignore_ament_install']
[0.240s] Level 1:colcon.colcon_core.package_identification:_identify(h1_info_library) by extension 'ignore'
[0.240s] Level 1:colcon.colcon_core.package_identification:_identify(h1_info_library) by extension 'ignore_ament_install'
[0.240s] Level 1:colcon.colcon_core.package_identification:_identify(h1_info_library) by extensions ['colcon_pkg']
[0.240s] Level 1:colcon.colcon_core.package_identification:_identify(h1_info_library) by extension 'colcon_pkg'
[0.240s] Level 1:colcon.colcon_core.package_identification:_identify(h1_info_library) by extensions ['colcon_meta']
[0.240s] Level 1:colcon.colcon_core.package_identification:_identify(h1_info_library) by extension 'colcon_meta'
[0.240s] Level 1:colcon.colcon_core.package_identification:_identify(h1_info_library) by extensions ['ros']
[0.240s] Level 1:colcon.colcon_core.package_identification:_identify(h1_info_library) by extension 'ros'
[0.240s] DEBUG:colcon.colcon_core.package_identification:Package 'h1_info_library' with type 'ros.ament_python' and name 'h1_info_library'
[0.240s] Level 1:colcon.colcon_core.package_identification:_identify(high_level_control) by extensions ['ignore', 'ignore_ament_install']
[0.240s] Level 1:colcon.colcon_core.package_identification:_identify(high_level_control) by extension 'ignore'
[0.240s] Level 1:colcon.colcon_core.package_identification:_identify(high_level_control) by extension 'ignore_ament_install'
[0.240s] Level 1:colcon.colcon_core.package_identification:_identify(high_level_control) by extensions ['colcon_pkg']
[0.240s] Level 1:colcon.colcon_core.package_identification:_identify(high_level_control) by extension 'colcon_pkg'
[0.240s] Level 1:colcon.colcon_core.package_identification:_identify(high_level_control) by extensions ['colcon_meta']
[0.240s] Level 1:colcon.colcon_core.package_identification:_identify(high_level_control) by extension 'colcon_meta'
[0.240s] Level 1:colcon.colcon_core.package_identification:_identify(high_level_control) by extensions ['ros']
[0.240s] Level 1:colcon.colcon_core.package_identification:_identify(high_level_control) by extension 'ros'
[0.241s] DEBUG:colcon.colcon_core.package_identification:Package 'high_level_control' with type 'ros.ament_python' and name 'high_level_control'
[0.241s] Level 1:colcon.colcon_core.package_identification:_identify(inspire_hands_lib) by extensions ['ignore', 'ignore_ament_install']
[0.241s] Level 1:colcon.colcon_core.package_identification:_identify(inspire_hands_lib) by extension 'ignore'
[0.241s] Level 1:colcon.colcon_core.package_identification:_identify(inspire_hands_lib) ignored
[0.241s] Level 1:colcon.colcon_core.package_identification:_identify(install) by extensions ['ignore', 'ignore_ament_install']
[0.241s] Level 1:colcon.colcon_core.package_identification:_identify(install) by extension 'ignore'
[0.241s] Level 1:colcon.colcon_core.package_identification:_identify(install) ignored
[0.241s] Level 1:colcon.colcon_core.package_identification:_identify(log) by extensions ['ignore', 'ignore_ament_install']
[0.241s] Level 1:colcon.colcon_core.package_identification:_identify(log) by extension 'ignore'
[0.241s] Level 1:colcon.colcon_core.package_identification:_identify(log) ignored
[0.241s] Level 1:colcon.colcon_core.package_identification:_identify(low_level_control) by extensions ['ignore', 'ignore_ament_install']
[0.241s] Level 1:colcon.colcon_core.package_identification:_identify(low_level_control) by extension 'ignore'
[0.241s] Level 1:colcon.colcon_core.package_identification:_identify(low_level_control) by extension 'ignore_ament_install'
[0.241s] Level 1:colcon.colcon_core.package_identification:_identify(low_level_control) by extensions ['colcon_pkg']
[0.241s] Level 1:colcon.colcon_core.package_identification:_identify(low_level_control) by extension 'colcon_pkg'
[0.241s] Level 1:colcon.colcon_core.package_identification:_identify(low_level_control) by extensions ['colcon_meta']
[0.241s] Level 1:colcon.colcon_core.package_identification:_identify(low_level_control) by extension 'colcon_meta'
[0.241s] Level 1:colcon.colcon_core.package_identification:_identify(low_level_control) by extensions ['ros']
[0.241s] Level 1:colcon.colcon_core.package_identification:_identify(low_level_control) by extension 'ros'
[0.242s] DEBUG:colcon.colcon_core.package_identification:Package 'low_level_control' with type 'ros.ament_python' and name 'low_level_control'
[0.242s] Level 1:colcon.colcon_core.package_identification:_identify(teleop_twist_keyboard_custom) by extensions ['ignore', 'ignore_ament_install']
[0.242s] Level 1:colcon.colcon_core.package_identification:_identify(teleop_twist_keyboard_custom) by extension 'ignore'
[0.242s] Level 1:colcon.colcon_core.package_identification:_identify(teleop_twist_keyboard_custom) by extension 'ignore_ament_install'
[0.242s] Level 1:colcon.colcon_core.package_identification:_identify(teleop_twist_keyboard_custom) by extensions ['colcon_pkg']
[0.242s] Level 1:colcon.colcon_core.package_identification:_identify(teleop_twist_keyboard_custom) by extension 'colcon_pkg'
[0.242s] Level 1:colcon.colcon_core.package_identification:_identify(teleop_twist_keyboard_custom) by extensions ['colcon_meta']
[0.242s] Level 1:colcon.colcon_core.package_identification:_identify(teleop_twist_keyboard_custom) by extension 'colcon_meta'
[0.242s] Level 1:colcon.colcon_core.package_identification:_identify(teleop_twist_keyboard_custom) by extensions ['ros']
[0.242s] Level 1:colcon.colcon_core.package_identification:_identify(teleop_twist_keyboard_custom) by extension 'ros'
[0.243s] DEBUG:colcon.colcon_core.package_identification:Package 'teleop_twist_keyboard_custom' with type 'ros.ament_python' and name 'teleop_twist_keyboard_custom'
[0.243s] Level 1:colcon.colcon_core.package_identification:_identify(unitree_sdk2_python) by extensions ['ignore', 'ignore_ament_install']
[0.243s] Level 1:colcon.colcon_core.package_identification:_identify(unitree_sdk2_python) by extension 'ignore'
[0.243s] Level 1:colcon.colcon_core.package_identification:_identify(unitree_sdk2_python) ignored
[0.243s] Level 1:colcon.colcon_core.package_discovery:discover_packages(recursive) using defaults
[0.243s] Level 1:colcon.colcon_core.package_discovery:discover_packages(ignore) discover
[0.243s] Level 1:colcon.colcon_core.package_discovery:discover_packages(ignore) using defaults
[0.243s] Level 1:colcon.colcon_core.package_discovery:discover_packages(path) discover
[0.243s] Level 1:colcon.colcon_core.package_discovery:discover_packages(path) using defaults
[0.259s] Level 1:colcon.colcon_core.package_discovery:discover_packages(prefix_path) check parameters
[0.259s] Level 1:colcon.colcon_core.package_discovery:discover_packages(prefix_path) discover
[0.261s] DEBUG:colcon.colcon_installed_package_information.package_discovery:Found 1 installed packages in /home/banana-killer/unitree_workspaces_and_repos/unitree_h1_meta_launch_ws/install
[0.261s] DEBUG:colcon.colcon_installed_package_information.package_discovery:Found 7 installed packages in /home/banana-killer/unitree_workspaces_and_repos/unitree_h1_control_ws/install
[0.261s] DEBUG:colcon.colcon_installed_package_information.package_discovery:Found 5 installed packages in /home/banana-killer/unitree_workspaces_and_repos/unitree_ros2/cyclonedds_ws/install
[0.261s] DEBUG:colcon.colcon_installed_package_information.package_discovery:Found 6 installed packages in /home/banana-killer/unitree_workspaces_and_repos/unitree_h1_teleoperation_ws/install
[0.262s] DEBUG:colcon.colcon_installed_package_information.package_discovery:Found 262 installed packages in /opt/ros/foxy
[0.263s] Level 1:colcon.colcon_core.package_discovery:discover_packages(prefix_path) using defaults
[0.292s] WARNING:colcon.colcon_core.package_selection:Some selected packages are already built in one or more underlay workspaces:
	'h1_info_library' is in: /home/banana-killer/unitree_workspaces_and_repos/unitree_h1_control_ws/install/h1_info_library
If a package in a merged underlay workspace is overridden and it installs headers, then all packages in the overlay must sort their include directories by workspace order. Failure to do so may result in build failures or undefined behavior at run time.
If the overridden package is used by another package in any underlay, then the overriding package in the overlay must be API and ABI compatible or undefined behavior at run time may occur.

If you understand the risks and want to override a package anyways, add the following to the command line:
	--allow-overriding h1_info_library

This may be promoted to an error in a future release of colcon-override-check.
[0.293s] Level 5:colcon.colcon_core.verb:set package 'cmd_to_high_level_control_package' build argument 'cmake_args' from command line to 'None'
[0.293s] Level 5:colcon.colcon_core.verb:set package 'cmd_to_high_level_control_package' build argument 'cmake_target' from command line to 'None'
[0.293s] Level 5:colcon.colcon_core.verb:set package 'cmd_to_high_level_control_package' build argument 'cmake_target_skip_unavailable' from command line to 'False'
[0.293s] Level 5:colcon.colcon_core.verb:set package 'cmd_to_high_level_control_package' build argument 'cmake_clean_cache' from command line to 'False'
[0.293s] Level 5:colcon.colcon_core.verb:set package 'cmd_to_high_level_control_package' build argument 'cmake_clean_first' from command line to 'False'
[0.293s] Level 5:colcon.colcon_core.verb:set package 'cmd_to_high_level_control_package' build argument 'cmake_force_configure' from command line to 'False'
[0.293s] Level 5:colcon.colcon_core.verb:set package 'cmd_to_high_level_control_package' build argument 'ament_cmake_args' from command line to 'None'
[0.293s] Level 5:colcon.colcon_core.verb:set package 'cmd_to_high_level_control_package' build argument 'catkin_cmake_args' from command line to 'None'
[0.293s] Level 5:colcon.colcon_core.verb:set package 'cmd_to_high_level_control_package' build argument 'catkin_skip_building_tests' from command line to 'False'
[0.293s] DEBUG:colcon.colcon_core.verb:Building package 'cmd_to_high_level_control_package' with the following arguments: {'ament_cmake_args': None, 'build_base': '/home/banana-killer/unitree_workspaces_and_repos/unitree_h1_control_ws/src/build/cmd_to_high_level_control_package', 'catkin_cmake_args': None, 'catkin_skip_building_tests': False, 'cmake_args': None, 'cmake_clean_cache': False, 'cmake_clean_first': False, 'cmake_force_configure': False, 'cmake_target': None, 'cmake_target_skip_unavailable': False, 'install_base': '/home/banana-killer/unitree_workspaces_and_repos/unitree_h1_control_ws/src/install/cmd_to_high_level_control_package', 'merge_install': False, 'path': '/home/banana-killer/unitree_workspaces_and_repos/unitree_h1_control_ws/src/cmd_to_high_level_control_package', 'symlink_install': True, 'test_result_base': None}
[0.294s] Level 5:colcon.colcon_core.verb:set package 'gui_control' build argument 'cmake_args' from command line to 'None'
[0.294s] Level 5:colcon.colcon_core.verb:set package 'gui_control' build argument 'cmake_target' from command line to 'None'
[0.294s] Level 5:colcon.colcon_core.verb:set package 'gui_control' build argument 'cmake_target_skip_unavailable' from command line to 'False'
[0.294s] Level 5:colcon.colcon_core.verb:set package 'gui_control' build argument 'cmake_clean_cache' from command line to 'False'
[0.294s] Level 5:colcon.colcon_core.verb:set package 'gui_control' build argument 'cmake_clean_first' from command line to 'False'
[0.294s] Level 5:colcon.colcon_core.verb:set package 'gui_control' build argument 'cmake_force_configure' from command line to 'False'
[0.294s] Level 5:colcon.colcon_core.verb:set package 'gui_control' build argument 'ament_cmake_args' from command line to 'None'
[0.294s] Level 5:colcon.colcon_core.verb:set package 'gui_control' build argument 'catkin_cmake_args' from command line to 'None'
[0.294s] Level 5:colcon.colcon_core.verb:set package 'gui_control' build argument 'catkin_skip_building_tests' from command line to 'False'
[0.294s] DEBUG:colcon.colcon_core.verb:Building package 'gui_control' with the following arguments: {'ament_cmake_args': None, 'build_base': '/home/banana-killer/unitree_workspaces_and_repos/unitree_h1_control_ws/src/build/gui_control', 'catkin_cmake_args': None, 'catkin_skip_building_tests': False, 'cmake_args': None, 'cmake_clean_cache': False, 'cmake_clean_first': False, 'cmake_force_configure': False, 'cmake_target': None, 'cmake_target_skip_unavailable': False, 'install_base': '/home/banana-killer/unitree_workspaces_and_repos/unitree_h1_control_ws/src/install/gui_control', 'merge_install': False, 'path': '/home/banana-killer/unitree_workspaces_and_repos/unitree_h1_control_ws/src/gui_control', 'symlink_install': True, 'test_result_base': None}
[0.294s] Level 5:colcon.colcon_core.verb:set package 'h1_info_library' build argument 'cmake_args' from command line to 'None'
[0.294s] Level 5:colcon.colcon_core.verb:set package 'h1_info_library' build argument 'cmake_target' from command line to 'None'
[0.294s] Level 5:colcon.colcon_core.verb:set package 'h1_info_library' build argument 'cmake_target_skip_unavailable' from command line to 'False'
[0.294s] Level 5:colcon.colcon_core.verb:set package 'h1_info_library' build argument 'cmake_clean_cache' from command line to 'False'
[0.295s] Level 5:colcon.colcon_core.verb:set package 'h1_info_library' build argument 'cmake_clean_first' from command line to 'False'
[0.295s] Level 5:colcon.colcon_core.verb:set package 'h1_info_library' build argument 'cmake_force_configure' from command line to 'False'
[0.295s] Level 5:colcon.colcon_core.verb:set package 'h1_info_library' build argument 'ament_cmake_args' from command line to 'None'
[0.295s] Level 5:colcon.colcon_core.verb:set package 'h1_info_library' build argument 'catkin_cmake_args' from command line to 'None'
[0.295s] Level 5:colcon.colcon_core.verb:set package 'h1_info_library' build argument 'catkin_skip_building_tests' from command line to 'False'
[0.295s] DEBUG:colcon.colcon_core.verb:Building package 'h1_info_library' with the following arguments: {'ament_cmake_args': None, 'build_base': '/home/banana-killer/unitree_workspaces_and_repos/unitree_h1_control_ws/src/build/h1_info_library', 'catkin_cmake_args': None, 'catkin_skip_building_tests': False, 'cmake_args': None, 'cmake_clean_cache': False, 'cmake_clean_first': False, 'cmake_force_configure': False, 'cmake_target': None, 'cmake_target_skip_unavailable': False, 'install_base': '/home/banana-killer/unitree_workspaces_and_repos/unitree_h1_control_ws/src/install/h1_info_library', 'merge_install': False, 'path': '/home/banana-killer/unitree_workspaces_and_repos/unitree_h1_control_ws/src/h1_info_library', 'symlink_install': True, 'test_result_base': None}
[0.295s] Level 5:colcon.colcon_core.verb:set package 'high_level_control' build argument 'cmake_args' from command line to 'None'
[0.295s] Level 5:colcon.colcon_core.verb:set package 'high_level_control' build argument 'cmake_target' from command line to 'None'
[0.295s] Level 5:colcon.colcon_core.verb:set package 'high_level_control' build argument 'cmake_target_skip_unavailable' from command line to 'False'
[0.295s] Level 5:colcon.colcon_core.verb:set package 'high_level_control' build argument 'cmake_clean_cache' from command line to 'False'
[0.295s] Level 5:colcon.colcon_core.verb:set package 'high_level_control' build argument 'cmake_clean_first' from command line to 'False'
[0.295s] Level 5:colcon.colcon_core.verb:set package 'high_level_control' build argument 'cmake_force_configure' from command line to 'False'
[0.295s] Level 5:colcon.colcon_core.verb:set package 'high_level_control' build argument 'ament_cmake_args' from command line to 'None'
[0.295s] Level 5:colcon.colcon_core.verb:set package 'high_level_control' build argument 'catkin_cmake_args' from command line to 'None'
[0.295s] Level 5:colcon.colcon_core.verb:set package 'high_level_control' build argument 'catkin_skip_building_tests' from command line to 'False'
[0.295s] DEBUG:colcon.colcon_core.verb:Building package 'high_level_control' with the following arguments: {'ament_cmake_args': None, 'build_base': '/home/banana-killer/unitree_workspaces_and_repos/unitree_h1_control_ws/src/build/high_level_control', 'catkin_cmake_args': None, 'catkin_skip_building_tests': False, 'cmake_args': None, 'cmake_clean_cache': False, 'cmake_clean_first': False, 'cmake_force_configure': False, 'cmake_target': None, 'cmake_target_skip_unavailable': False, 'install_base': '/home/banana-killer/unitree_workspaces_and_repos/unitree_h1_control_ws/src/install/high_level_control', 'merge_install': False, 'path': '/home/banana-killer/unitree_workspaces_and_repos/unitree_h1_control_ws/src/high_level_control', 'symlink_install': True, 'test_result_base': None}
[0.295s] Level 5:colcon.colcon_core.verb:set package 'low_level_control' build argument 'cmake_args' from command line to 'None'
[0.295s] Level 5:colcon.colcon_core.verb:set package 'low_level_control' build argument 'cmake_target' from command line to 'None'
[0.295s] Level 5:colcon.colcon_core.verb:set package 'low_level_control' build argument 'cmake_target_skip_unavailable' from command line to 'False'
[0.295s] Level 5:colcon.colcon_core.verb:set package 'low_level_control' build argument 'cmake_clean_cache' from command line to 'False'
[0.295s] Level 5:colcon.colcon_core.verb:set package 'low_level_control' build argument 'cmake_clean_first' from command line to 'False'
[0.295s] Level 5:colcon.colcon_core.verb:set package 'low_level_control' build argument 'cmake_force_configure' from command line to 'False'
[0.295s] Level 5:colcon.colcon_core.verb:set package 'low_level_control' build argument 'ament_cmake_args' from command line to 'None'
[0.295s] Level 5:colcon.colcon_core.verb:set package 'low_level_control' build argument 'catkin_cmake_args' from command line to 'None'
[0.295s] Level 5:colcon.colcon_core.verb:set package 'low_level_control' build argument 'catkin_skip_building_tests' from command line to 'False'
[0.295s] DEBUG:colcon.colcon_core.verb:Building package 'low_level_control' with the following arguments: {'ament_cmake_args': None, 'build_base': '/home/banana-killer/unitree_workspaces_and_repos/unitree_h1_control_ws/src/build/low_level_control', 'catkin_cmake_args': None, 'catkin_skip_building_tests': False, 'cmake_args': None, 'cmake_clean_cache': False, 'cmake_clean_first': False, 'cmake_force_configure': False, 'cmake_target': None, 'cmake_target_skip_unavailable': False, 'install_base': '/home/banana-killer/unitree_workspaces_and_repos/unitree_h1_control_ws/src/install/low_level_control', 'merge_install': False, 'path': '/home/banana-killer/unitree_workspaces_and_repos/unitree_h1_control_ws/src/low_level_control', 'symlink_install': True, 'test_result_base': None}
[0.295s] Level 5:colcon.colcon_core.verb:set package 'teleop_twist_keyboard_custom' build argument 'cmake_args' from command line to 'None'
[0.295s] Level 5:colcon.colcon_core.verb:set package 'teleop_twist_keyboard_custom' build argument 'cmake_target' from command line to 'None'
[0.295s] Level 5:colcon.colcon_core.verb:set package 'teleop_twist_keyboard_custom' build argument 'cmake_target_skip_unavailable' from command line to 'False'
[0.295s] Level 5:colcon.colcon_core.verb:set package 'teleop_twist_keyboard_custom' build argument 'cmake_clean_cache' from command line to 'False'
[0.295s] Level 5:colcon.colcon_core.verb:set package 'teleop_twist_keyboard_custom' build argument 'cmake_clean_first' from command line to 'False'
[0.295s] Level 5:colcon.colcon_core.verb:set package 'teleop_twist_keyboard_custom' build argument 'cmake_force_configure' from command line to 'False'
[0.295s] Level 5:colcon.colcon_core.verb:set package 'teleop_twist_keyboard_custom' build argument 'ament_cmake_args' from command line to 'None'
[0.296s] Level 5:colcon.colcon_core.verb:set package 'teleop_twist_keyboard_custom' build argument 'catkin_cmake_args' from command line to 'None'
[0.296s] Level 5:colcon.colcon_core.verb:set package 'teleop_twist_keyboard_custom' build argument 'catkin_skip_building_tests' from command line to 'False'
[0.296s] DEBUG:colcon.colcon_core.verb:Building package 'teleop_twist_keyboard_custom' with the following arguments: {'ament_cmake_args': None, 'build_base': '/home/banana-killer/unitree_workspaces_and_repos/unitree_h1_control_ws/src/build/teleop_twist_keyboard_custom', 'catkin_cmake_args': None, 'catkin_skip_building_tests': False, 'cmake_args': None, 'cmake_clean_cache': False, 'cmake_clean_first': False, 'cmake_force_configure': False, 'cmake_target': None, 'cmake_target_skip_unavailable': False, 'install_base': '/home/banana-killer/unitree_workspaces_and_repos/unitree_h1_control_ws/src/install/teleop_twist_keyboard_custom', 'merge_install': False, 'path': '/home/banana-killer/unitree_workspaces_and_repos/unitree_h1_control_ws/src/teleop_twist_keyboard_custom', 'symlink_install': True, 'test_result_base': None}
[0.296s] Level 5:colcon.colcon_core.verb:set package 'completed_scripts_control' build argument 'cmake_args' from command line to 'None'
[0.296s] Level 5:colcon.colcon_core.verb:set package 'completed_scripts_control' build argument 'cmake_target' from command line to 'None'
[0.296s] Level 5:colcon.colcon_core.verb:set package 'completed_scripts_control' build argument 'cmake_target_skip_unavailable' from command line to 'False'
[0.296s] Level 5:colcon.colcon_core.verb:set package 'completed_scripts_control' build argument 'cmake_clean_cache' from command line to 'False'
[0.296s] Level 5:colcon.colcon_core.verb:set package 'completed_scripts_control' build argument 'cmake_clean_first' from command line to 'False'
[0.296s] Level 5:colcon.colcon_core.verb:set package 'completed_scripts_control' build argument 'cmake_force_configure' from command line to 'False'
[0.296s] Level 5:colcon.colcon_core.verb:set package 'completed_scripts_control' build argument 'ament_cmake_args' from command line to 'None'
[0.296s] Level 5:colcon.colcon_core.verb:set package 'completed_scripts_control' build argument 'catkin_cmake_args' from command line to 'None'
[0.296s] Level 5:colcon.colcon_core.verb:set package 'completed_scripts_control' build argument 'catkin_skip_building_tests' from command line to 'False'
[0.296s] DEBUG:colcon.colcon_core.verb:Building package 'completed_scripts_control' with the following arguments: {'ament_cmake_args': None, 'build_base': '/home/banana-killer/unitree_workspaces_and_repos/unitree_h1_control_ws/src/build/completed_scripts_control', 'catkin_cmake_args': None, 'catkin_skip_building_tests': False, 'cmake_args': None, 'cmake_clean_cache': False, 'cmake_clean_first': False, 'cmake_force_configure': False, 'cmake_target': None, 'cmake_target_skip_unavailable': False, 'install_base': '/home/banana-killer/unitree_workspaces_and_repos/unitree_h1_control_ws/src/install/completed_scripts_control', 'merge_install': False, 'path': '/home/banana-killer/unitree_workspaces_and_repos/unitree_h1_control_ws/src/completed_scripts_control', 'symlink_install': True, 'test_result_base': None}
[0.296s] INFO:colcon.colcon_core.executor:Executing jobs using 'parallel' executor
[0.297s] DEBUG:colcon.colcon_parallel_executor.executor.parallel:run_until_complete
[0.297s] INFO:colcon.colcon_ros.task.ament_python.build:Building ROS package in '/home/banana-killer/unitree_workspaces_and_repos/unitree_h1_control_ws/src/cmd_to_high_level_control_package' with build type 'ament_python'
[0.297s] Level 1:colcon.colcon_core.shell:create_environment_hook('cmd_to_high_level_control_package', 'ament_prefix_path')
[0.298s] INFO:colcon.colcon_core.plugin_system:Skipping extension 'colcon_core.shell.bat': Not used on non-Windows systems
[0.299s] INFO:colcon.colcon_core.shell:Creating environment hook '/home/banana-killer/unitree_workspaces_and_repos/unitree_h1_control_ws/src/install/cmd_to_high_level_control_package/share/cmd_to_high_level_control_package/hook/ament_prefix_path.ps1'
[0.299s] INFO:colcon.colcon_core.shell:Creating environment descriptor '/home/banana-killer/unitree_workspaces_and_repos/unitree_h1_control_ws/src/install/cmd_to_high_level_control_package/share/cmd_to_high_level_control_package/hook/ament_prefix_path.dsv'
[0.299s] INFO:colcon.colcon_core.shell:Creating environment hook '/home/banana-killer/unitree_workspaces_and_repos/unitree_h1_control_ws/src/install/cmd_to_high_level_control_package/share/cmd_to_high_level_control_package/hook/ament_prefix_path.sh'
[0.300s] INFO:colcon.colcon_core.shell:Skip shell extension 'powershell' for command environment: Not usable outside of PowerShell
[0.300s] DEBUG:colcon.colcon_core.shell:Skip shell extension 'dsv' for command environment
[0.303s] INFO:colcon.colcon_ros.task.ament_python.build:Building ROS package in '/home/banana-killer/unitree_workspaces_and_repos/unitree_h1_control_ws/src/low_level_control' with build type 'ament_python'
[0.303s] Level 1:colcon.colcon_core.shell:create_environment_hook('low_level_control', 'ament_prefix_path')
[0.304s] INFO:colcon.colcon_core.shell:Creating environment hook '/home/banana-killer/unitree_workspaces_and_repos/unitree_h1_control_ws/src/install/low_level_control/share/low_level_control/hook/ament_prefix_path.ps1'
[0.305s] INFO:colcon.colcon_core.shell:Creating environment descriptor '/home/banana-killer/unitree_workspaces_and_repos/unitree_h1_control_ws/src/install/low_level_control/share/low_level_control/hook/ament_prefix_path.dsv'
[0.305s] INFO:colcon.colcon_core.shell:Creating environment hook '/home/banana-killer/unitree_workspaces_and_repos/unitree_h1_control_ws/src/install/low_level_control/share/low_level_control/hook/ament_prefix_path.sh'
[0.305s] INFO:colcon.colcon_core.shell:Skip shell extension 'powershell' for command environment: Not usable outside of PowerShell
[0.305s] DEBUG:colcon.colcon_core.shell:Skip shell extension 'dsv' for command environment
[0.309s] INFO:colcon.colcon_ros.task.ament_python.build:Building ROS package in '/home/banana-killer/unitree_workspaces_and_repos/unitree_h1_control_ws/src/gui_control' with build type 'ament_python'
[0.309s] Level 1:colcon.colcon_core.shell:create_environment_hook('gui_control', 'ament_prefix_path')
[0.309s] INFO:colcon.colcon_core.shell:Creating environment hook '/home/banana-killer/unitree_workspaces_and_repos/unitree_h1_control_ws/src/install/gui_control/share/gui_control/hook/ament_prefix_path.ps1'
[0.310s] INFO:colcon.colcon_core.shell:Creating environment descriptor '/home/banana-killer/unitree_workspaces_and_repos/unitree_h1_control_ws/src/install/gui_control/share/gui_control/hook/ament_prefix_path.dsv'
[0.310s] INFO:colcon.colcon_core.shell:Creating environment hook '/home/banana-killer/unitree_workspaces_and_repos/unitree_h1_control_ws/src/install/gui_control/share/gui_control/hook/ament_prefix_path.sh'
[0.310s] INFO:colcon.colcon_core.shell:Skip shell extension 'powershell' for command environment: Not usable outside of PowerShell
[0.310s] DEBUG:colcon.colcon_core.shell:Skip shell extension 'dsv' for command environment
[0.314s] INFO:colcon.colcon_ros.task.ament_python.build:Building ROS package in '/home/banana-killer/unitree_workspaces_and_repos/unitree_h1_control_ws/src/h1_info_library' with build type 'ament_python'
[0.314s] Level 1:colcon.colcon_core.shell:create_environment_hook('h1_info_library', 'ament_prefix_path')
[0.314s] INFO:colcon.colcon_core.shell:Creating environment hook '/home/banana-killer/unitree_workspaces_and_repos/unitree_h1_control_ws/src/install/h1_info_library/share/h1_info_library/hook/ament_prefix_path.ps1'
[0.315s] INFO:colcon.colcon_core.shell:Creating environment descriptor '/home/banana-killer/unitree_workspaces_and_repos/unitree_h1_control_ws/src/install/h1_info_library/share/h1_info_library/hook/ament_prefix_path.dsv'
[0.315s] INFO:colcon.colcon_core.shell:Creating environment hook '/home/banana-killer/unitree_workspaces_and_repos/unitree_h1_control_ws/src/install/h1_info_library/share/h1_info_library/hook/ament_prefix_path.sh'
[0.315s] INFO:colcon.colcon_core.shell:Skip shell extension 'powershell' for command environment: Not usable outside of PowerShell
[0.315s] DEBUG:colcon.colcon_core.shell:Skip shell extension 'dsv' for command environment
[0.319s] INFO:colcon.colcon_ros.task.ament_python.build:Building ROS package in '/home/banana-killer/unitree_workspaces_and_repos/unitree_h1_control_ws/src/high_level_control' with build type 'ament_python'
[0.319s] Level 1:colcon.colcon_core.shell:create_environment_hook('high_level_control', 'ament_prefix_path')
[0.319s] INFO:colcon.colcon_core.shell:Creating environment hook '/home/banana-killer/unitree_workspaces_and_repos/unitree_h1_control_ws/src/install/high_level_control/share/high_level_control/hook/ament_prefix_path.ps1'
[0.320s] INFO:colcon.colcon_core.shell:Creating environment descriptor '/home/banana-killer/unitree_workspaces_and_repos/unitree_h1_control_ws/src/install/high_level_control/share/high_level_control/hook/ament_prefix_path.dsv'
[0.320s] INFO:colcon.colcon_core.shell:Creating environment hook '/home/banana-killer/unitree_workspaces_and_repos/unitree_h1_control_ws/src/install/high_level_control/share/high_level_control/hook/ament_prefix_path.sh'
[0.321s] INFO:colcon.colcon_core.shell:Skip shell extension 'powershell' for command environment: Not usable outside of PowerShell
[0.321s] DEBUG:colcon.colcon_core.shell:Skip shell extension 'dsv' for command environment
[0.324s] INFO:colcon.colcon_ros.task.ament_python.build:Building ROS package in '/home/banana-killer/unitree_workspaces_and_repos/unitree_h1_control_ws/src/teleop_twist_keyboard_custom' with build type 'ament_python'
[0.325s] Level 1:colcon.colcon_core.shell:create_environment_hook('teleop_twist_keyboard_custom', 'ament_prefix_path')
[0.325s] INFO:colcon.colcon_core.shell:Creating environment hook '/home/banana-killer/unitree_workspaces_and_repos/unitree_h1_control_ws/src/install/teleop_twist_keyboard_custom/share/teleop_twist_keyboard_custom/hook/ament_prefix_path.ps1'
[0.326s] INFO:colcon.colcon_core.shell:Creating environment descriptor '/home/banana-killer/unitree_workspaces_and_repos/unitree_h1_control_ws/src/install/teleop_twist_keyboard_custom/share/teleop_twist_keyboard_custom/hook/ament_prefix_path.dsv'
[0.326s] INFO:colcon.colcon_core.shell:Creating environment hook '/home/banana-killer/unitree_workspaces_and_repos/unitree_h1_control_ws/src/install/teleop_twist_keyboard_custom/share/teleop_twist_keyboard_custom/hook/ament_prefix_path.sh'
[0.326s] INFO:colcon.colcon_core.shell:Skip shell extension 'powershell' for command environment: Not usable outside of PowerShell
[0.326s] DEBUG:colcon.colcon_core.shell:Skip shell extension 'dsv' for command environment
[0.481s] INFO:colcon.colcon_core.task.python.build:Building Python package in '/home/banana-killer/unitree_workspaces_and_repos/unitree_h1_control_ws/src/cmd_to_high_level_control_package'
[0.482s] INFO:colcon.colcon_core.shell:Skip shell extension 'powershell' for command environment: Not usable outside of PowerShell
[0.482s] DEBUG:colcon.colcon_core.shell:Skip shell extension 'dsv' for command environment
[0.639s] INFO:colcon.colcon_core.task.python.build:Building Python package in '/home/banana-killer/unitree_workspaces_and_repos/unitree_h1_control_ws/src/low_level_control'
[0.640s] INFO:colcon.colcon_core.shell:Skip shell extension 'powershell' for command environment: Not usable outside of PowerShell
[0.640s] DEBUG:colcon.colcon_core.shell:Skip shell extension 'dsv' for command environment
[0.812s] INFO:colcon.colcon_core.task.python.build:Building Python package in '/home/banana-killer/unitree_workspaces_and_repos/unitree_h1_control_ws/src/gui_control'
[0.813s] INFO:colcon.colcon_core.shell:Skip shell extension 'powershell' for command environment: Not usable outside of PowerShell
[0.813s] DEBUG:colcon.colcon_core.shell:Skip shell extension 'dsv' for command environment
[0.979s] INFO:colcon.colcon_core.task.python.build:Building Python package in '/home/banana-killer/unitree_workspaces_and_repos/unitree_h1_control_ws/src/h1_info_library'
[0.979s] INFO:colcon.colcon_core.shell:Skip shell extension 'powershell' for command environment: Not usable outside of PowerShell
[0.979s] DEBUG:colcon.colcon_core.shell:Skip shell extension 'dsv' for command environment
[1.135s] INFO:colcon.colcon_core.task.python.build:Building Python package in '/home/banana-killer/unitree_workspaces_and_repos/unitree_h1_control_ws/src/high_level_control'
[1.135s] INFO:colcon.colcon_core.shell:Skip shell extension 'powershell' for command environment: Not usable outside of PowerShell
[1.135s] DEBUG:colcon.colcon_core.shell:Skip shell extension 'dsv' for command environment
[1.305s] INFO:colcon.colcon_core.task.python.build:Building Python package in '/home/banana-killer/unitree_workspaces_and_repos/unitree_h1_control_ws/src/teleop_twist_keyboard_custom'
[1.306s] INFO:colcon.colcon_core.shell:Skip shell extension 'powershell' for command environment: Not usable outside of PowerShell
[1.306s] DEBUG:colcon.colcon_core.shell:Skip shell extension 'dsv' for command environment
[1.721s] DEBUG:colcon.colcon_core.event_handler.log_command:Invoking command in '/home/banana-killer/unitree_workspaces_and_repos/unitree_h1_control_ws/src/build/low_level_control': PYTHONPATH=/home/banana-killer/unitree_workspaces_and_repos/unitree_h1_control_ws/src/build/low_level_control/prefix_override:/usr/lib/python3/dist-packages/colcon_core/task/python/colcon_distutils_commands:/home/banana-killer/unitree_workspaces_and_repos/unitree_h1_control_ws/src/install/low_level_control/lib/python3.8/site-packages:${PYTHONPATH} /usr/bin/python3 -W ignore:setup.py install is deprecated -W ignore:easy_install command is deprecated setup.py develop --editable --build-directory /home/banana-killer/unitree_workspaces_and_repos/unitree_h1_control_ws/src/build/low_level_control/build --no-deps symlink_data
[1.735s] DEBUG:colcon.colcon_core.event_handler.log_command:Invoking command in '/home/banana-killer/unitree_workspaces_and_repos/unitree_h1_control_ws/src/build/cmd_to_high_level_control_package': PYTHONPATH=/home/banana-killer/unitree_workspaces_and_repos/unitree_h1_control_ws/src/build/cmd_to_high_level_control_package/prefix_override:/usr/lib/python3/dist-packages/colcon_core/task/python/colcon_distutils_commands:/home/banana-killer/unitree_workspaces_and_repos/unitree_h1_control_ws/src/install/cmd_to_high_level_control_package/lib/python3.8/site-packages:${PYTHONPATH} /usr/bin/python3 -W ignore:setup.py install is deprecated -W ignore:easy_install command is deprecated setup.py develop --editable --build-directory /home/banana-killer/unitree_workspaces_and_repos/unitree_h1_control_ws/src/build/cmd_to_high_level_control_package/build --no-deps symlink_data
[1.753s] DEBUG:colcon.colcon_core.event_handler.log_command:Invoking command in '/home/banana-killer/unitree_workspaces_and_repos/unitree_h1_control_ws/src/build/teleop_twist_keyboard_custom': PYTHONPATH=/home/banana-killer/unitree_workspaces_and_repos/unitree_h1_control_ws/src/build/teleop_twist_keyboard_custom/prefix_override:/usr/lib/python3/dist-packages/colcon_core/task/python/colcon_distutils_commands:/home/banana-killer/unitree_workspaces_and_repos/unitree_h1_control_ws/src/install/teleop_twist_keyboard_custom/lib/python3.8/site-packages:${PYTHONPATH} /usr/bin/python3 -W ignore:setup.py install is deprecated -W ignore:easy_install command is deprecated setup.py develop --editable --build-directory /home/banana-killer/unitree_workspaces_and_repos/unitree_h1_control_ws/src/build/teleop_twist_keyboard_custom/build --no-deps symlink_data
[1.768s] DEBUG:colcon.colcon_core.event_handler.log_command:Invoking command in '/home/banana-killer/unitree_workspaces_and_repos/unitree_h1_control_ws/src/build/high_level_control': PYTHONPATH=/home/banana-killer/unitree_workspaces_and_repos/unitree_h1_control_ws/src/build/high_level_control/prefix_override:/usr/lib/python3/dist-packages/colcon_core/task/python/colcon_distutils_commands:/home/banana-killer/unitree_workspaces_and_repos/unitree_h1_control_ws/src/install/high_level_control/lib/python3.8/site-packages:${PYTHONPATH} /usr/bin/python3 -W ignore:setup.py install is deprecated -W ignore:easy_install command is deprecated setup.py develop --editable --build-directory /home/banana-killer/unitree_workspaces_and_repos/unitree_h1_control_ws/src/build/high_level_control/build --no-deps symlink_data
[1.957s] DEBUG:colcon.colcon_core.event_handler.log_command:Invoking command in '/home/banana-killer/unitree_workspaces_and_repos/unitree_h1_control_ws/src/build/h1_info_library': PYTHONPATH=/home/banana-killer/unitree_workspaces_and_repos/unitree_h1_control_ws/src/build/h1_info_library/prefix_override:/usr/lib/python3/dist-packages/colcon_core/task/python/colcon_distutils_commands:/home/banana-killer/unitree_workspaces_and_repos/unitree_h1_control_ws/src/install/h1_info_library/lib/python3.8/site-packages:${PYTHONPATH} /usr/bin/python3 -W ignore:setup.py install is deprecated -W ignore:easy_install command is deprecated setup.py develop --editable --build-directory /home/banana-killer/unitree_workspaces_and_repos/unitree_h1_control_ws/src/build/h1_info_library/build --no-deps symlink_data
[1.961s] DEBUG:colcon.colcon_core.event_handler.log_command:Invoking command in '/home/banana-killer/unitree_workspaces_and_repos/unitree_h1_control_ws/src/build/gui_control': PYTHONPATH=/home/banana-killer/unitree_workspaces_and_repos/unitree_h1_control_ws/src/build/gui_control/prefix_override:/usr/lib/python3/dist-packages/colcon_core/task/python/colcon_distutils_commands:/home/banana-killer/unitree_workspaces_and_repos/unitree_h1_control_ws/src/install/gui_control/lib/python3.8/site-packages:${PYTHONPATH} /usr/bin/python3 -W ignore:setup.py install is deprecated -W ignore:easy_install command is deprecated setup.py develop --editable --build-directory /home/banana-killer/unitree_workspaces_and_repos/unitree_h1_control_ws/src/build/gui_control/build --no-deps symlink_data
[2.267s] Level 1:colcon.colcon_core.shell:create_environment_hook('cmd_to_high_level_control_package', 'pythonpath_develop')
[2.267s] INFO:colcon.colcon_core.shell:Creating environment hook '/home/banana-killer/unitree_workspaces_and_repos/unitree_h1_control_ws/src/build/cmd_to_high_level_control_package/share/cmd_to_high_level_control_package/hook/pythonpath_develop.ps1'
[2.269s] DEBUG:colcon.colcon_core.event_handler.log_command:Invoked command in '/home/banana-killer/unitree_workspaces_and_repos/unitree_h1_control_ws/src/build/cmd_to_high_level_control_package' returned '0': PYTHONPATH=/home/banana-killer/unitree_workspaces_and_repos/unitree_h1_control_ws/src/build/cmd_to_high_level_control_package/prefix_override:/usr/lib/python3/dist-packages/colcon_core/task/python/colcon_distutils_commands:/home/banana-killer/unitree_workspaces_and_repos/unitree_h1_control_ws/src/install/cmd_to_high_level_control_package/lib/python3.8/site-packages:${PYTHONPATH} /usr/bin/python3 -W ignore:setup.py install is deprecated -W ignore:easy_install command is deprecated setup.py develop --editable --build-directory /home/banana-killer/unitree_workspaces_and_repos/unitree_h1_control_ws/src/build/cmd_to_high_level_control_package/build --no-deps symlink_data
[2.269s] INFO:colcon.colcon_core.shell:Creating environment descriptor '/home/banana-killer/unitree_workspaces_and_repos/unitree_h1_control_ws/src/build/cmd_to_high_level_control_package/share/cmd_to_high_level_control_package/hook/pythonpath_develop.dsv'
[2.269s] INFO:colcon.colcon_core.shell:Creating environment hook '/home/banana-killer/unitree_workspaces_and_repos/unitree_h1_control_ws/src/build/cmd_to_high_level_control_package/share/cmd_to_high_level_control_package/hook/pythonpath_develop.sh'
[2.274s] Level 1:colcon.colcon_core.environment:checking '/home/banana-killer/unitree_workspaces_and_repos/unitree_h1_control_ws/src/install/cmd_to_high_level_control_package' for CMake module files
[2.274s] Level 1:colcon.colcon_core.environment:checking '/home/banana-killer/unitree_workspaces_and_repos/unitree_h1_control_ws/src/install/cmd_to_high_level_control_package' for CMake config files
[2.276s] Level 1:colcon.colcon_core.environment:checking '/home/banana-killer/unitree_workspaces_and_repos/unitree_h1_control_ws/src/install/cmd_to_high_level_control_package/lib'
[2.276s] Level 1:colcon.colcon_core.environment:checking '/home/banana-killer/unitree_workspaces_and_repos/unitree_h1_control_ws/src/install/cmd_to_high_level_control_package/bin'
[2.276s] Level 1:colcon.colcon_core.environment:checking '/home/banana-killer/unitree_workspaces_and_repos/unitree_h1_control_ws/src/install/cmd_to_high_level_control_package/lib/pkgconfig/cmd_to_high_level_control_package.pc'
[2.277s] Level 1:colcon.colcon_core.environment:checking '/home/banana-killer/unitree_workspaces_and_repos/unitree_h1_control_ws/src/install/cmd_to_high_level_control_package/lib/python3.8/site-packages'
[2.277s] Level 1:colcon.colcon_core.shell:create_environment_hook('cmd_to_high_level_control_package', 'pythonpath')
[2.277s] INFO:colcon.colcon_core.shell:Creating environment hook '/home/banana-killer/unitree_workspaces_and_repos/unitree_h1_control_ws/src/install/cmd_to_high_level_control_package/share/cmd_to_high_level_control_package/hook/pythonpath.ps1'
[2.278s] INFO:colcon.colcon_core.shell:Creating environment descriptor '/home/banana-killer/unitree_workspaces_and_repos/unitree_h1_control_ws/src/install/cmd_to_high_level_control_package/share/cmd_to_high_level_control_package/hook/pythonpath.dsv'
[2.279s] INFO:colcon.colcon_core.shell:Creating environment hook '/home/banana-killer/unitree_workspaces_and_repos/unitree_h1_control_ws/src/install/cmd_to_high_level_control_package/share/cmd_to_high_level_control_package/hook/pythonpath.sh'
[2.279s] Level 1:colcon.colcon_core.environment:checking '/home/banana-killer/unitree_workspaces_and_repos/unitree_h1_control_ws/src/install/cmd_to_high_level_control_package/bin'
[2.279s] Level 1:colcon.colcon_core.environment:create_environment_scripts_only(cmd_to_high_level_control_package)
[2.280s] INFO:colcon.colcon_core.shell:Creating package script '/home/banana-killer/unitree_workspaces_and_repos/unitree_h1_control_ws/src/install/cmd_to_high_level_control_package/share/cmd_to_high_level_control_package/package.ps1'
[2.281s] INFO:colcon.colcon_core.shell:Creating package descriptor '/home/banana-killer/unitree_workspaces_and_repos/unitree_h1_control_ws/src/install/cmd_to_high_level_control_package/share/cmd_to_high_level_control_package/package.dsv'
[2.282s] INFO:colcon.colcon_core.shell:Creating package script '/home/banana-killer/unitree_workspaces_and_repos/unitree_h1_control_ws/src/install/cmd_to_high_level_control_package/share/cmd_to_high_level_control_package/package.sh'
[2.283s] INFO:colcon.colcon_core.shell:Creating package script '/home/banana-killer/unitree_workspaces_and_repos/unitree_h1_control_ws/src/install/cmd_to_high_level_control_package/share/cmd_to_high_level_control_package/package.bash'
[2.284s] INFO:colcon.colcon_core.shell:Creating package script '/home/banana-killer/unitree_workspaces_and_repos/unitree_h1_control_ws/src/install/cmd_to_high_level_control_package/share/cmd_to_high_level_control_package/package.zsh'
[2.285s] Level 1:colcon.colcon_core.environment:create_file_with_runtime_dependencies(/home/banana-killer/unitree_workspaces_and_repos/unitree_h1_control_ws/src/install/cmd_to_high_level_control_package/share/colcon-core/packages/cmd_to_high_level_control_package)
[2.289s] Level 1:colcon.colcon_core.shell:create_environment_hook('high_level_control', 'pythonpath_develop')
[2.289s] INFO:colcon.colcon_core.shell:Creating environment hook '/home/banana-killer/unitree_workspaces_and_repos/unitree_h1_control_ws/src/build/high_level_control/share/high_level_control/hook/pythonpath_develop.ps1'
[2.290s] DEBUG:colcon.colcon_core.event_handler.log_command:Invoked command in '/home/banana-killer/unitree_workspaces_and_repos/unitree_h1_control_ws/src/build/high_level_control' returned '0': PYTHONPATH=/home/banana-killer/unitree_workspaces_and_repos/unitree_h1_control_ws/src/build/high_level_control/prefix_override:/usr/lib/python3/dist-packages/colcon_core/task/python/colcon_distutils_commands:/home/banana-killer/unitree_workspaces_and_repos/unitree_h1_control_ws/src/install/high_level_control/lib/python3.8/site-packages:${PYTHONPATH} /usr/bin/python3 -W ignore:setup.py install is deprecated -W ignore:easy_install command is deprecated setup.py develop --editable --build-directory /home/banana-killer/unitree_workspaces_and_repos/unitree_h1_control_ws/src/build/high_level_control/build --no-deps symlink_data
[2.290s] INFO:colcon.colcon_core.shell:Creating environment descriptor '/home/banana-killer/unitree_workspaces_and_repos/unitree_h1_control_ws/src/build/high_level_control/share/high_level_control/hook/pythonpath_develop.dsv'
[2.290s] INFO:colcon.colcon_core.shell:Creating environment hook '/home/banana-killer/unitree_workspaces_and_repos/unitree_h1_control_ws/src/build/high_level_control/share/high_level_control/hook/pythonpath_develop.sh'
[2.291s] Level 1:colcon.colcon_core.environment:checking '/home/banana-killer/unitree_workspaces_and_repos/unitree_h1_control_ws/src/install/high_level_control' for CMake module files
[2.291s] Level 1:colcon.colcon_core.environment:checking '/home/banana-killer/unitree_workspaces_and_repos/unitree_h1_control_ws/src/install/high_level_control' for CMake config files
[2.292s] Level 1:colcon.colcon_core.environment:checking '/home/banana-killer/unitree_workspaces_and_repos/unitree_h1_control_ws/src/install/high_level_control/lib'
[2.292s] Level 1:colcon.colcon_core.environment:checking '/home/banana-killer/unitree_workspaces_and_repos/unitree_h1_control_ws/src/install/high_level_control/bin'
[2.292s] Level 1:colcon.colcon_core.environment:checking '/home/banana-killer/unitree_workspaces_and_repos/unitree_h1_control_ws/src/install/high_level_control/lib/pkgconfig/high_level_control.pc'
[2.292s] Level 1:colcon.colcon_core.environment:checking '/home/banana-killer/unitree_workspaces_and_repos/unitree_h1_control_ws/src/install/high_level_control/lib/python3.8/site-packages'
[2.292s] Level 1:colcon.colcon_core.shell:create_environment_hook('high_level_control', 'pythonpath')
[2.292s] INFO:colcon.colcon_core.shell:Creating environment hook '/home/banana-killer/unitree_workspaces_and_repos/unitree_h1_control_ws/src/install/high_level_control/share/high_level_control/hook/pythonpath.ps1'
[2.293s] INFO:colcon.colcon_core.shell:Creating environment descriptor '/home/banana-killer/unitree_workspaces_and_repos/unitree_h1_control_ws/src/install/high_level_control/share/high_level_control/hook/pythonpath.dsv'
[2.293s] INFO:colcon.colcon_core.shell:Creating environment hook '/home/banana-killer/unitree_workspaces_and_repos/unitree_h1_control_ws/src/install/high_level_control/share/high_level_control/hook/pythonpath.sh'
[2.294s] Level 1:colcon.colcon_core.environment:checking '/home/banana-killer/unitree_workspaces_and_repos/unitree_h1_control_ws/src/install/high_level_control/bin'
[2.294s] Level 1:colcon.colcon_core.environment:create_environment_scripts_only(high_level_control)
[2.294s] INFO:colcon.colcon_core.shell:Creating package script '/home/banana-killer/unitree_workspaces_and_repos/unitree_h1_control_ws/src/install/high_level_control/share/high_level_control/package.ps1'
[2.295s] INFO:colcon.colcon_core.shell:Creating package descriptor '/home/banana-killer/unitree_workspaces_and_repos/unitree_h1_control_ws/src/install/high_level_control/share/high_level_control/package.dsv'
[2.295s] INFO:colcon.colcon_core.shell:Creating package script '/home/banana-killer/unitree_workspaces_and_repos/unitree_h1_control_ws/src/install/high_level_control/share/high_level_control/package.sh'
[2.296s] INFO:colcon.colcon_core.shell:Creating package script '/home/banana-killer/unitree_workspaces_and_repos/unitree_h1_control_ws/src/install/high_level_control/share/high_level_control/package.bash'
[2.296s] INFO:colcon.colcon_core.shell:Creating package script '/home/banana-killer/unitree_workspaces_and_repos/unitree_h1_control_ws/src/install/high_level_control/share/high_level_control/package.zsh'
[2.296s] Level 1:colcon.colcon_core.environment:create_file_with_runtime_dependencies(/home/banana-killer/unitree_workspaces_and_repos/unitree_h1_control_ws/src/install/high_level_control/share/colcon-core/packages/high_level_control)
[2.367s] Level 1:colcon.colcon_core.shell:create_environment_hook('low_level_control', 'pythonpath_develop')
[2.367s] INFO:colcon.colcon_core.shell:Creating environment hook '/home/banana-killer/unitree_workspaces_and_repos/unitree_h1_control_ws/src/build/low_level_control/share/low_level_control/hook/pythonpath_develop.ps1'
[2.368s] DEBUG:colcon.colcon_core.event_handler.log_command:Invoked command in '/home/banana-killer/unitree_workspaces_and_repos/unitree_h1_control_ws/src/build/low_level_control' returned '0': PYTHONPATH=/home/banana-killer/unitree_workspaces_and_repos/unitree_h1_control_ws/src/build/low_level_control/prefix_override:/usr/lib/python3/dist-packages/colcon_core/task/python/colcon_distutils_commands:/home/banana-killer/unitree_workspaces_and_repos/unitree_h1_control_ws/src/install/low_level_control/lib/python3.8/site-packages:${PYTHONPATH} /usr/bin/python3 -W ignore:setup.py install is deprecated -W ignore:easy_install command is deprecated setup.py develop --editable --build-directory /home/banana-killer/unitree_workspaces_and_repos/unitree_h1_control_ws/src/build/low_level_control/build --no-deps symlink_data
[2.368s] INFO:colcon.colcon_core.shell:Creating environment descriptor '/home/banana-killer/unitree_workspaces_and_repos/unitree_h1_control_ws/src/build/low_level_control/share/low_level_control/hook/pythonpath_develop.dsv'
[2.368s] INFO:colcon.colcon_core.shell:Creating environment hook '/home/banana-killer/unitree_workspaces_and_repos/unitree_h1_control_ws/src/build/low_level_control/share/low_level_control/hook/pythonpath_develop.sh'
[2.369s] Level 1:colcon.colcon_core.environment:checking '/home/banana-killer/unitree_workspaces_and_repos/unitree_h1_control_ws/src/install/low_level_control' for CMake module files
[2.369s] Level 1:colcon.colcon_core.environment:checking '/home/banana-killer/unitree_workspaces_and_repos/unitree_h1_control_ws/src/install/low_level_control' for CMake config files
[2.369s] Level 1:colcon.colcon_core.environment:checking '/home/banana-killer/unitree_workspaces_and_repos/unitree_h1_control_ws/src/install/low_level_control/lib'
[2.370s] Level 1:colcon.colcon_core.environment:checking '/home/banana-killer/unitree_workspaces_and_repos/unitree_h1_control_ws/src/install/low_level_control/bin'
[2.370s] Level 1:colcon.colcon_core.environment:checking '/home/banana-killer/unitree_workspaces_and_repos/unitree_h1_control_ws/src/install/low_level_control/lib/pkgconfig/low_level_control.pc'
[2.370s] Level 1:colcon.colcon_core.environment:checking '/home/banana-killer/unitree_workspaces_and_repos/unitree_h1_control_ws/src/install/low_level_control/lib/python3.8/site-packages'
[2.370s] Level 1:colcon.colcon_core.shell:create_environment_hook('low_level_control', 'pythonpath')
[2.370s] INFO:colcon.colcon_core.shell:Creating environment hook '/home/banana-killer/unitree_workspaces_and_repos/unitree_h1_control_ws/src/install/low_level_control/share/low_level_control/hook/pythonpath.ps1'
[2.370s] INFO:colcon.colcon_core.shell:Creating environment descriptor '/home/banana-killer/unitree_workspaces_and_repos/unitree_h1_control_ws/src/install/low_level_control/share/low_level_control/hook/pythonpath.dsv'
[2.371s] INFO:colcon.colcon_core.shell:Creating environment hook '/home/banana-killer/unitree_workspaces_and_repos/unitree_h1_control_ws/src/install/low_level_control/share/low_level_control/hook/pythonpath.sh'
[2.371s] Level 1:colcon.colcon_core.environment:checking '/home/banana-killer/unitree_workspaces_and_repos/unitree_h1_control_ws/src/install/low_level_control/bin'
[2.371s] Level 1:colcon.colcon_core.environment:create_environment_scripts_only(low_level_control)
[2.371s] INFO:colcon.colcon_core.shell:Creating package script '/home/banana-killer/unitree_workspaces_and_repos/unitree_h1_control_ws/src/install/low_level_control/share/low_level_control/package.ps1'
[2.371s] INFO:colcon.colcon_core.shell:Creating package descriptor '/home/banana-killer/unitree_workspaces_and_repos/unitree_h1_control_ws/src/install/low_level_control/share/low_level_control/package.dsv'
[2.372s] INFO:colcon.colcon_core.shell:Creating package script '/home/banana-killer/unitree_workspaces_and_repos/unitree_h1_control_ws/src/install/low_level_control/share/low_level_control/package.sh'
[2.372s] INFO:colcon.colcon_core.shell:Creating package script '/home/banana-killer/unitree_workspaces_and_repos/unitree_h1_control_ws/src/install/low_level_control/share/low_level_control/package.bash'
[2.372s] INFO:colcon.colcon_core.shell:Creating package script '/home/banana-killer/unitree_workspaces_and_repos/unitree_h1_control_ws/src/install/low_level_control/share/low_level_control/package.zsh'
[2.372s] Level 1:colcon.colcon_core.environment:create_file_with_runtime_dependencies(/home/banana-killer/unitree_workspaces_and_repos/unitree_h1_control_ws/src/install/low_level_control/share/colcon-core/packages/low_level_control)
[2.373s] INFO:colcon.colcon_ros.task.ament_python.build:Building ROS package in '/home/banana-killer/unitree_workspaces_and_repos/unitree_h1_control_ws/src/completed_scripts_control' with build type 'ament_python'
[2.373s] Level 1:colcon.colcon_core.shell:create_environment_hook('completed_scripts_control', 'ament_prefix_path')
[2.373s] INFO:colcon.colcon_core.shell:Creating environment hook '/home/banana-killer/unitree_workspaces_and_repos/unitree_h1_control_ws/src/install/completed_scripts_control/share/completed_scripts_control/hook/ament_prefix_path.ps1'
[2.374s] INFO:colcon.colcon_core.shell:Creating environment descriptor '/home/banana-killer/unitree_workspaces_and_repos/unitree_h1_control_ws/src/install/completed_scripts_control/share/completed_scripts_control/hook/ament_prefix_path.dsv'
[2.374s] INFO:colcon.colcon_core.shell:Creating environment hook '/home/banana-killer/unitree_workspaces_and_repos/unitree_h1_control_ws/src/install/completed_scripts_control/share/completed_scripts_control/hook/ament_prefix_path.sh'
[2.375s] INFO:colcon.colcon_core.shell:Skip shell extension 'powershell' for command environment: Not usable outside of PowerShell
[2.375s] DEBUG:colcon.colcon_core.shell:Skip shell extension 'dsv' for command environment
[2.381s] Level 1:colcon.colcon_core.shell:create_environment_hook('teleop_twist_keyboard_custom', 'pythonpath_develop')
[2.381s] INFO:colcon.colcon_core.shell:Creating environment hook '/home/banana-killer/unitree_workspaces_and_repos/unitree_h1_control_ws/src/build/teleop_twist_keyboard_custom/share/teleop_twist_keyboard_custom/hook/pythonpath_develop.ps1'
[2.382s] DEBUG:colcon.colcon_core.event_handler.log_command:Invoked command in '/home/banana-killer/unitree_workspaces_and_repos/unitree_h1_control_ws/src/build/teleop_twist_keyboard_custom' returned '0': PYTHONPATH=/home/banana-killer/unitree_workspaces_and_repos/unitree_h1_control_ws/src/build/teleop_twist_keyboard_custom/prefix_override:/usr/lib/python3/dist-packages/colcon_core/task/python/colcon_distutils_commands:/home/banana-killer/unitree_workspaces_and_repos/unitree_h1_control_ws/src/install/teleop_twist_keyboard_custom/lib/python3.8/site-packages:${PYTHONPATH} /usr/bin/python3 -W ignore:setup.py install is deprecated -W ignore:easy_install command is deprecated setup.py develop --editable --build-directory /home/banana-killer/unitree_workspaces_and_repos/unitree_h1_control_ws/src/build/teleop_twist_keyboard_custom/build --no-deps symlink_data
[2.383s] INFO:colcon.colcon_core.shell:Creating environment descriptor '/home/banana-killer/unitree_workspaces_and_repos/unitree_h1_control_ws/src/build/teleop_twist_keyboard_custom/share/teleop_twist_keyboard_custom/hook/pythonpath_develop.dsv'
[2.383s] INFO:colcon.colcon_core.shell:Creating environment hook '/home/banana-killer/unitree_workspaces_and_repos/unitree_h1_control_ws/src/build/teleop_twist_keyboard_custom/share/teleop_twist_keyboard_custom/hook/pythonpath_develop.sh'
[2.384s] Level 1:colcon.colcon_core.environment:checking '/home/banana-killer/unitree_workspaces_and_repos/unitree_h1_control_ws/src/install/teleop_twist_keyboard_custom' for CMake module files
[2.385s] Level 1:colcon.colcon_core.environment:checking '/home/banana-killer/unitree_workspaces_and_repos/unitree_h1_control_ws/src/install/teleop_twist_keyboard_custom' for CMake config files
[2.385s] Level 1:colcon.colcon_core.environment:checking '/home/banana-killer/unitree_workspaces_and_repos/unitree_h1_control_ws/src/install/teleop_twist_keyboard_custom/lib'
[2.386s] Level 1:colcon.colcon_core.environment:checking '/home/banana-killer/unitree_workspaces_and_repos/unitree_h1_control_ws/src/install/teleop_twist_keyboard_custom/bin'
[2.386s] Level 1:colcon.colcon_core.environment:checking '/home/banana-killer/unitree_workspaces_and_repos/unitree_h1_control_ws/src/install/teleop_twist_keyboard_custom/lib/pkgconfig/teleop_twist_keyboard_custom.pc'
[2.386s] Level 1:colcon.colcon_core.environment:checking '/home/banana-killer/unitree_workspaces_and_repos/unitree_h1_control_ws/src/install/teleop_twist_keyboard_custom/lib/python3.8/site-packages'
[2.386s] Level 1:colcon.colcon_core.shell:create_environment_hook('teleop_twist_keyboard_custom', 'pythonpath')
[2.386s] INFO:colcon.colcon_core.shell:Creating environment hook '/home/banana-killer/unitree_workspaces_and_repos/unitree_h1_control_ws/src/install/teleop_twist_keyboard_custom/share/teleop_twist_keyboard_custom/hook/pythonpath.ps1'
[2.387s] INFO:colcon.colcon_core.shell:Creating environment descriptor '/home/banana-killer/unitree_workspaces_and_repos/unitree_h1_control_ws/src/install/teleop_twist_keyboard_custom/share/teleop_twist_keyboard_custom/hook/pythonpath.dsv'
[2.387s] INFO:colcon.colcon_core.shell:Creating environment hook '/home/banana-killer/unitree_workspaces_and_repos/unitree_h1_control_ws/src/install/teleop_twist_keyboard_custom/share/teleop_twist_keyboard_custom/hook/pythonpath.sh'
[2.388s] Level 1:colcon.colcon_core.environment:checking '/home/banana-killer/unitree_workspaces_and_repos/unitree_h1_control_ws/src/install/teleop_twist_keyboard_custom/bin'
[2.388s] Level 1:colcon.colcon_core.environment:create_environment_scripts_only(teleop_twist_keyboard_custom)
[2.388s] INFO:colcon.colcon_core.shell:Creating package script '/home/banana-killer/unitree_workspaces_and_repos/unitree_h1_control_ws/src/install/teleop_twist_keyboard_custom/share/teleop_twist_keyboard_custom/package.ps1'
[2.389s] INFO:colcon.colcon_core.shell:Creating package descriptor '/home/banana-killer/unitree_workspaces_and_repos/unitree_h1_control_ws/src/install/teleop_twist_keyboard_custom/share/teleop_twist_keyboard_custom/package.dsv'
[2.390s] INFO:colcon.colcon_core.shell:Creating package script '/home/banana-killer/unitree_workspaces_and_repos/unitree_h1_control_ws/src/install/teleop_twist_keyboard_custom/share/teleop_twist_keyboard_custom/package.sh'
[2.390s] INFO:colcon.colcon_core.shell:Creating package script '/home/banana-killer/unitree_workspaces_and_repos/unitree_h1_control_ws/src/install/teleop_twist_keyboard_custom/share/teleop_twist_keyboard_custom/package.bash'
[2.391s] INFO:colcon.colcon_core.shell:Creating package script '/home/banana-killer/unitree_workspaces_and_repos/unitree_h1_control_ws/src/install/teleop_twist_keyboard_custom/share/teleop_twist_keyboard_custom/package.zsh'
[2.391s] Level 1:colcon.colcon_core.environment:create_file_with_runtime_dependencies(/home/banana-killer/unitree_workspaces_and_repos/unitree_h1_control_ws/src/install/teleop_twist_keyboard_custom/share/colcon-core/packages/teleop_twist_keyboard_custom)
[2.644s] INFO:colcon.colcon_core.task.python.build:Building Python package in '/home/banana-killer/unitree_workspaces_and_repos/unitree_h1_control_ws/src/completed_scripts_control'
[2.644s] INFO:colcon.colcon_core.shell:Skip shell extension 'powershell' for command environment: Not usable outside of PowerShell
[2.644s] DEBUG:colcon.colcon_core.shell:Skip shell extension 'dsv' for command environment
[2.654s] Level 1:colcon.colcon_core.shell:create_environment_hook('h1_info_library', 'pythonpath_develop')
[2.655s] INFO:colcon.colcon_core.shell:Creating environment hook '/home/banana-killer/unitree_workspaces_and_repos/unitree_h1_control_ws/src/build/h1_info_library/share/h1_info_library/hook/pythonpath_develop.ps1'
[2.656s] DEBUG:colcon.colcon_core.event_handler.log_command:Invoked command in '/home/banana-killer/unitree_workspaces_and_repos/unitree_h1_control_ws/src/build/h1_info_library' returned '0': PYTHONPATH=/home/banana-killer/unitree_workspaces_and_repos/unitree_h1_control_ws/src/build/h1_info_library/prefix_override:/usr/lib/python3/dist-packages/colcon_core/task/python/colcon_distutils_commands:/home/banana-killer/unitree_workspaces_and_repos/unitree_h1_control_ws/src/install/h1_info_library/lib/python3.8/site-packages:${PYTHONPATH} /usr/bin/python3 -W ignore:setup.py install is deprecated -W ignore:easy_install command is deprecated setup.py develop --editable --build-directory /home/banana-killer/unitree_workspaces_and_repos/unitree_h1_control_ws/src/build/h1_info_library/build --no-deps symlink_data
[2.657s] INFO:colcon.colcon_core.shell:Creating environment descriptor '/home/banana-killer/unitree_workspaces_and_repos/unitree_h1_control_ws/src/build/h1_info_library/share/h1_info_library/hook/pythonpath_develop.dsv'
[2.657s] INFO:colcon.colcon_core.shell:Creating environment hook '/home/banana-killer/unitree_workspaces_and_repos/unitree_h1_control_ws/src/build/h1_info_library/share/h1_info_library/hook/pythonpath_develop.sh'
[2.658s] Level 1:colcon.colcon_core.environment:checking '/home/banana-killer/unitree_workspaces_and_repos/unitree_h1_control_ws/src/install/h1_info_library' for CMake module files
[2.658s] Level 1:colcon.colcon_core.environment:checking '/home/banana-killer/unitree_workspaces_and_repos/unitree_h1_control_ws/src/install/h1_info_library' for CMake config files
[2.659s] Level 1:colcon.colcon_core.environment:checking '/home/banana-killer/unitree_workspaces_and_repos/unitree_h1_control_ws/src/install/h1_info_library/lib'
[2.659s] Level 1:colcon.colcon_core.environment:checking '/home/banana-killer/unitree_workspaces_and_repos/unitree_h1_control_ws/src/install/h1_info_library/bin'
[2.659s] Level 1:colcon.colcon_core.environment:checking '/home/banana-killer/unitree_workspaces_and_repos/unitree_h1_control_ws/src/install/h1_info_library/lib/pkgconfig/h1_info_library.pc'
[2.659s] Level 1:colcon.colcon_core.environment:checking '/home/banana-killer/unitree_workspaces_and_repos/unitree_h1_control_ws/src/install/h1_info_library/lib/python3.8/site-packages'
[2.659s] Level 1:colcon.colcon_core.shell:create_environment_hook('h1_info_library', 'pythonpath')
[2.659s] INFO:colcon.colcon_core.shell:Creating environment hook '/home/banana-killer/unitree_workspaces_and_repos/unitree_h1_control_ws/src/install/h1_info_library/share/h1_info_library/hook/pythonpath.ps1'
[2.660s] INFO:colcon.colcon_core.shell:Creating environment descriptor '/home/banana-killer/unitree_workspaces_and_repos/unitree_h1_control_ws/src/install/h1_info_library/share/h1_info_library/hook/pythonpath.dsv'
[2.660s] INFO:colcon.colcon_core.shell:Creating environment hook '/home/banana-killer/unitree_workspaces_and_repos/unitree_h1_control_ws/src/install/h1_info_library/share/h1_info_library/hook/pythonpath.sh'
[2.661s] Level 1:colcon.colcon_core.environment:checking '/home/banana-killer/unitree_workspaces_and_repos/unitree_h1_control_ws/src/install/h1_info_library/bin'
[2.661s] Level 1:colcon.colcon_core.environment:create_environment_scripts_only(h1_info_library)
[2.662s] INFO:colcon.colcon_core.shell:Creating package script '/home/banana-killer/unitree_workspaces_and_repos/unitree_h1_control_ws/src/install/h1_info_library/share/h1_info_library/package.ps1'
[2.662s] INFO:colcon.colcon_core.shell:Creating package descriptor '/home/banana-killer/unitree_workspaces_and_repos/unitree_h1_control_ws/src/install/h1_info_library/share/h1_info_library/package.dsv'
[2.663s] INFO:colcon.colcon_core.shell:Creating package script '/home/banana-killer/unitree_workspaces_and_repos/unitree_h1_control_ws/src/install/h1_info_library/share/h1_info_library/package.sh'
[2.663s] INFO:colcon.colcon_core.shell:Creating package script '/home/banana-killer/unitree_workspaces_and_repos/unitree_h1_control_ws/src/install/h1_info_library/share/h1_info_library/package.bash'
[2.664s] INFO:colcon.colcon_core.shell:Creating package script '/home/banana-killer/unitree_workspaces_and_repos/unitree_h1_control_ws/src/install/h1_info_library/share/h1_info_library/package.zsh'
[2.664s] Level 1:colcon.colcon_core.environment:create_file_with_runtime_dependencies(/home/banana-killer/unitree_workspaces_and_repos/unitree_h1_control_ws/src/install/h1_info_library/share/colcon-core/packages/h1_info_library)
[2.665s] Level 1:colcon.colcon_core.shell:create_environment_hook('gui_control', 'pythonpath_develop')
[2.665s] INFO:colcon.colcon_core.shell:Creating environment hook '/home/banana-killer/unitree_workspaces_and_repos/unitree_h1_control_ws/src/build/gui_control/share/gui_control/hook/pythonpath_develop.ps1'
[2.666s] DEBUG:colcon.colcon_core.event_handler.log_command:Invoked command in '/home/banana-killer/unitree_workspaces_and_repos/unitree_h1_control_ws/src/build/gui_control' returned '0': PYTHONPATH=/home/banana-killer/unitree_workspaces_and_repos/unitree_h1_control_ws/src/build/gui_control/prefix_override:/usr/lib/python3/dist-packages/colcon_core/task/python/colcon_distutils_commands:/home/banana-killer/unitree_workspaces_and_repos/unitree_h1_control_ws/src/install/gui_control/lib/python3.8/site-packages:${PYTHONPATH} /usr/bin/python3 -W ignore:setup.py install is deprecated -W ignore:easy_install command is deprecated setup.py develop --editable --build-directory /home/banana-killer/unitree_workspaces_and_repos/unitree_h1_control_ws/src/build/gui_control/build --no-deps symlink_data
[2.667s] INFO:colcon.colcon_core.shell:Creating environment descriptor '/home/banana-killer/unitree_workspaces_and_repos/unitree_h1_control_ws/src/build/gui_control/share/gui_control/hook/pythonpath_develop.dsv'
[2.667s] INFO:colcon.colcon_core.shell:Creating environment hook '/home/banana-killer/unitree_workspaces_and_repos/unitree_h1_control_ws/src/build/gui_control/share/gui_control/hook/pythonpath_develop.sh'
[2.668s] Level 1:colcon.colcon_core.environment:checking '/home/banana-killer/unitree_workspaces_and_repos/unitree_h1_control_ws/src/install/gui_control' for CMake module files
[2.668s] Level 1:colcon.colcon_core.environment:checking '/home/banana-killer/unitree_workspaces_and_repos/unitree_h1_control_ws/src/install/gui_control' for CMake config files
[2.669s] Level 1:colcon.colcon_core.environment:checking '/home/banana-killer/unitree_workspaces_and_repos/unitree_h1_control_ws/src/install/gui_control/lib'
[2.669s] Level 1:colcon.colcon_core.environment:checking '/home/banana-killer/unitree_workspaces_and_repos/unitree_h1_control_ws/src/install/gui_control/bin'
[2.669s] Level 1:colcon.colcon_core.environment:checking '/home/banana-killer/unitree_workspaces_and_repos/unitree_h1_control_ws/src/install/gui_control/lib/pkgconfig/gui_control.pc'
[2.669s] Level 1:colcon.colcon_core.environment:checking '/home/banana-killer/unitree_workspaces_and_repos/unitree_h1_control_ws/src/install/gui_control/lib/python3.8/site-packages'
[2.669s] Level 1:colcon.colcon_core.shell:create_environment_hook('gui_control', 'pythonpath')
[2.670s] INFO:colcon.colcon_core.shell:Creating environment hook '/home/banana-killer/unitree_workspaces_and_repos/unitree_h1_control_ws/src/install/gui_control/share/gui_control/hook/pythonpath.ps1'
[2.670s] INFO:colcon.colcon_core.shell:Creating environment descriptor '/home/banana-killer/unitree_workspaces_and_repos/unitree_h1_control_ws/src/install/gui_control/share/gui_control/hook/pythonpath.dsv'
[2.670s] INFO:colcon.colcon_core.shell:Creating environment hook '/home/banana-killer/unitree_workspaces_and_repos/unitree_h1_control_ws/src/install/gui_control/share/gui_control/hook/pythonpath.sh'
[2.671s] Level 1:colcon.colcon_core.environment:checking '/home/banana-killer/unitree_workspaces_and_repos/unitree_h1_control_ws/src/install/gui_control/bin'
[2.671s] Level 1:colcon.colcon_core.environment:create_environment_scripts_only(gui_control)
[2.671s] INFO:colcon.colcon_core.shell:Creating package script '/home/banana-killer/unitree_workspaces_and_repos/unitree_h1_control_ws/src/install/gui_control/share/gui_control/package.ps1'
[2.672s] INFO:colcon.colcon_core.shell:Creating package descriptor '/home/banana-killer/unitree_workspaces_and_repos/unitree_h1_control_ws/src/install/gui_control/share/gui_control/package.dsv'
[2.672s] INFO:colcon.colcon_core.shell:Creating package script '/home/banana-killer/unitree_workspaces_and_repos/unitree_h1_control_ws/src/install/gui_control/share/gui_control/package.sh'
[2.673s] INFO:colcon.colcon_core.shell:Creating package script '/home/banana-killer/unitree_workspaces_and_repos/unitree_h1_control_ws/src/install/gui_control/share/gui_control/package.bash'
[2.673s] INFO:colcon.colcon_core.shell:Creating package script '/home/banana-killer/unitree_workspaces_and_repos/unitree_h1_control_ws/src/install/gui_control/share/gui_control/package.zsh'
[2.673s] Level 1:colcon.colcon_core.environment:create_file_with_runtime_dependencies(/home/banana-killer/unitree_workspaces_and_repos/unitree_h1_control_ws/src/install/gui_control/share/colcon-core/packages/gui_control)
[3.051s] DEBUG:colcon.colcon_core.event_handler.log_command:Invoking command in '/home/banana-killer/unitree_workspaces_and_repos/unitree_h1_control_ws/src/build/completed_scripts_control': AMENT_PREFIX_PATH=/home/banana-killer/unitree_workspaces_and_repos/unitree_h1_control_ws/src/install/low_level_control:/home/banana-killer/unitree_workspaces_and_repos/unitree_h1_control_ws/src/install/cmd_to_high_level_control_package:${AMENT_PREFIX_PATH} PYTHONPATH=/home/banana-killer/unitree_workspaces_and_repos/unitree_h1_control_ws/src/build/completed_scripts_control/prefix_override:/usr/lib/python3/dist-packages/colcon_core/task/python/colcon_distutils_commands:/home/banana-killer/unitree_workspaces_and_repos/unitree_h1_control_ws/src/install/completed_scripts_control/lib/python3.8/site-packages:/home/banana-killer/unitree_workspaces_and_repos/unitree_h1_control_ws/src/build/low_level_control:/home/banana-killer/unitree_workspaces_and_repos/unitree_h1_control_ws/src/install/low_level_control/lib/python3.8/site-packages:/home/banana-killer/unitree_workspaces_and_repos/unitree_h1_control_ws/src/build/cmd_to_high_level_control_package:/home/banana-killer/unitree_workspaces_and_repos/unitree_h1_control_ws/src/install/cmd_to_high_level_control_package/lib/python3.8/site-packages:${PYTHONPATH} /usr/bin/python3 -W ignore:setup.py install is deprecated -W ignore:easy_install command is deprecated setup.py develop --editable --build-directory /home/banana-killer/unitree_workspaces_and_repos/unitree_h1_control_ws/src/build/completed_scripts_control/build --no-deps symlink_data
[3.431s] Level 1:colcon.colcon_core.shell:create_environment_hook('completed_scripts_control', 'pythonpath_develop')
[3.431s] INFO:colcon.colcon_core.shell:Creating environment hook '/home/banana-killer/unitree_workspaces_and_repos/unitree_h1_control_ws/src/build/completed_scripts_control/share/completed_scripts_control/hook/pythonpath_develop.ps1'
[3.432s] DEBUG:colcon.colcon_core.event_handler.log_command:Invoked command in '/home/banana-killer/unitree_workspaces_and_repos/unitree_h1_control_ws/src/build/completed_scripts_control' returned '0': AMENT_PREFIX_PATH=/home/banana-killer/unitree_workspaces_and_repos/unitree_h1_control_ws/src/install/low_level_control:/home/banana-killer/unitree_workspaces_and_repos/unitree_h1_control_ws/src/install/cmd_to_high_level_control_package:${AMENT_PREFIX_PATH} PYTHONPATH=/home/banana-killer/unitree_workspaces_and_repos/unitree_h1_control_ws/src/build/completed_scripts_control/prefix_override:/usr/lib/python3/dist-packages/colcon_core/task/python/colcon_distutils_commands:/home/banana-killer/unitree_workspaces_and_repos/unitree_h1_control_ws/src/install/completed_scripts_control/lib/python3.8/site-packages:/home/banana-killer/unitree_workspaces_and_repos/unitree_h1_control_ws/src/build/low_level_control:/home/banana-killer/unitree_workspaces_and_repos/unitree_h1_control_ws/src/install/low_level_control/lib/python3.8/site-packages:/home/banana-killer/unitree_workspaces_and_repos/unitree_h1_control_ws/src/build/cmd_to_high_level_control_package:/home/banana-killer/unitree_workspaces_and_repos/unitree_h1_control_ws/src/install/cmd_to_high_level_control_package/lib/python3.8/site-packages:${PYTHONPATH} /usr/bin/python3 -W ignore:setup.py install is deprecated -W ignore:easy_install command is deprecated setup.py develop --editable --build-directory /home/banana-killer/unitree_workspaces_and_repos/unitree_h1_control_ws/src/build/completed_scripts_control/build --no-deps symlink_data
[3.432s] INFO:colcon.colcon_core.shell:Creating environment descriptor '/home/banana-killer/unitree_workspaces_and_repos/unitree_h1_control_ws/src/build/completed_scripts_control/share/completed_scripts_control/hook/pythonpath_develop.dsv'
[3.433s] INFO:colcon.colcon_core.shell:Creating environment hook '/home/banana-killer/unitree_workspaces_and_repos/unitree_h1_control_ws/src/build/completed_scripts_control/share/completed_scripts_control/hook/pythonpath_develop.sh'
[3.433s] Level 1:colcon.colcon_core.environment:checking '/home/banana-killer/unitree_workspaces_and_repos/unitree_h1_control_ws/src/install/completed_scripts_control' for CMake module files
[3.434s] Level 1:colcon.colcon_core.environment:checking '/home/banana-killer/unitree_workspaces_and_repos/unitree_h1_control_ws/src/install/completed_scripts_control' for CMake config files
[3.434s] Level 1:colcon.colcon_core.environment:checking '/home/banana-killer/unitree_workspaces_and_repos/unitree_h1_control_ws/src/install/completed_scripts_control/lib'
[3.434s] Level 1:colcon.colcon_core.environment:checking '/home/banana-killer/unitree_workspaces_and_repos/unitree_h1_control_ws/src/install/completed_scripts_control/bin'
[3.434s] Level 1:colcon.colcon_core.environment:checking '/home/banana-killer/unitree_workspaces_and_repos/unitree_h1_control_ws/src/install/completed_scripts_control/lib/pkgconfig/completed_scripts_control.pc'
[3.435s] Level 1:colcon.colcon_core.environment:checking '/home/banana-killer/unitree_workspaces_and_repos/unitree_h1_control_ws/src/install/completed_scripts_control/lib/python3.8/site-packages'
[3.435s] Level 1:colcon.colcon_core.shell:create_environment_hook('completed_scripts_control', 'pythonpath')
[3.435s] INFO:colcon.colcon_core.shell:Creating environment hook '/home/banana-killer/unitree_workspaces_and_repos/unitree_h1_control_ws/src/install/completed_scripts_control/share/completed_scripts_control/hook/pythonpath.ps1'
[3.435s] INFO:colcon.colcon_core.shell:Creating environment descriptor '/home/banana-killer/unitree_workspaces_and_repos/unitree_h1_control_ws/src/install/completed_scripts_control/share/completed_scripts_control/hook/pythonpath.dsv'
[3.436s] INFO:colcon.colcon_core.shell:Creating environment hook '/home/banana-killer/unitree_workspaces_and_repos/unitree_h1_control_ws/src/install/completed_scripts_control/share/completed_scripts_control/hook/pythonpath.sh'
[3.436s] Level 1:colcon.colcon_core.environment:checking '/home/banana-killer/unitree_workspaces_and_repos/unitree_h1_control_ws/src/install/completed_scripts_control/bin'
[3.436s] Level 1:colcon.colcon_core.environment:create_environment_scripts_only(completed_scripts_control)
[3.436s] INFO:colcon.colcon_core.shell:Creating package script '/home/banana-killer/unitree_workspaces_and_repos/unitree_h1_control_ws/src/install/completed_scripts_control/share/completed_scripts_control/package.ps1'
[3.437s] INFO:colcon.colcon_core.shell:Creating package descriptor '/home/banana-killer/unitree_workspaces_and_repos/unitree_h1_control_ws/src/install/completed_scripts_control/share/completed_scripts_control/package.dsv'
[3.438s] INFO:colcon.colcon_core.shell:Creating package script '/home/banana-killer/unitree_workspaces_and_repos/unitree_h1_control_ws/src/install/completed_scripts_control/share/completed_scripts_control/package.sh'
[3.438s] INFO:colcon.colcon_core.shell:Creating package script '/home/banana-killer/unitree_workspaces_and_repos/unitree_h1_control_ws/src/install/completed_scripts_control/share/completed_scripts_control/package.bash'
[3.439s] INFO:colcon.colcon_core.shell:Creating package script '/home/banana-killer/unitree_workspaces_and_repos/unitree_h1_control_ws/src/install/completed_scripts_control/share/completed_scripts_control/package.zsh'
[3.439s] Level 1:colcon.colcon_core.environment:create_file_with_runtime_dependencies(/home/banana-killer/unitree_workspaces_and_repos/unitree_h1_control_ws/src/install/completed_scripts_control/share/colcon-core/packages/completed_scripts_control)
[3.439s] DEBUG:colcon.colcon_parallel_executor.executor.parallel:closing loop
[3.440s] DEBUG:colcon.colcon_parallel_executor.executor.parallel:loop closed
[3.440s] DEBUG:colcon.colcon_parallel_executor.executor.parallel:run_until_complete finished with '0'
[3.440s] DEBUG:colcon.colcon_core.event_reactor:joining thread
[3.445s] INFO:colcon.colcon_core.plugin_system:Skipping extension 'colcon_notification.desktop_notification.terminal_notifier': Not used on non-Darwin systems
[3.445s] INFO:colcon.colcon_core.plugin_system:Skipping extension 'colcon_notification.desktop_notification.win32': Not used on non-Windows systems
[3.445s] INFO:colcon.colcon_notification.desktop_notification:Sending desktop notification using 'notify2'
[3.463s] DEBUG:colcon.colcon_core.event_reactor:joined thread
[3.463s] INFO:colcon.colcon_core.shell:Creating prefix script '/home/banana-killer/unitree_workspaces_and_repos/unitree_h1_control_ws/src/install/local_setup.ps1'
[3.465s] INFO:colcon.colcon_core.shell:Creating prefix util module '/home/banana-killer/unitree_workspaces_and_repos/unitree_h1_control_ws/src/install/_local_setup_util_ps1.py'
[3.466s] INFO:colcon.colcon_core.shell:Creating prefix chain script '/home/banana-killer/unitree_workspaces_and_repos/unitree_h1_control_ws/src/install/setup.ps1'
[3.467s] INFO:colcon.colcon_core.shell:Creating prefix script '/home/banana-killer/unitree_workspaces_and_repos/unitree_h1_control_ws/src/install/local_setup.sh'
[3.468s] INFO:colcon.colcon_core.shell:Creating prefix util module '/home/banana-killer/unitree_workspaces_and_repos/unitree_h1_control_ws/src/install/_local_setup_util_sh.py'
[3.468s] INFO:colcon.colcon_core.shell:Creating prefix chain script '/home/banana-killer/unitree_workspaces_and_repos/unitree_h1_control_ws/src/install/setup.sh'
[3.469s] INFO:colcon.colcon_core.shell:Creating prefix script '/home/banana-killer/unitree_workspaces_and_repos/unitree_h1_control_ws/src/install/local_setup.bash'
[3.470s] INFO:colcon.colcon_core.shell:Creating prefix chain script '/home/banana-killer/unitree_workspaces_and_repos/unitree_h1_control_ws/src/install/setup.bash'
[3.471s] INFO:colcon.colcon_core.shell:Creating prefix script '/home/banana-killer/unitree_workspaces_and_repos/unitree_h1_control_ws/src/install/local_setup.zsh'
[3.471s] INFO:colcon.colcon_core.shell:Creating prefix chain script '/home/banana-killer/unitree_workspaces_and_repos/unitree_h1_control_ws/src/install/setup.zsh'
