[1.447s] Invoking command in '/home/banana-killer/unitree_workspaces_and_repos/unitree_h1_control_ws/src/build/high_level_control': PYTHONPATH=/home/banana-killer/unitree_workspaces_and_repos/unitree_h1_control_ws/src/build/high_level_control/prefix_override:/usr/lib/python3/dist-packages/colcon_core/task/python/colcon_distutils_commands:/home/banana-killer/unitree_workspaces_and_repos/unitree_h1_control_ws/src/install/high_level_control/lib/python3.8/site-packages:${PYTHONPATH} /usr/bin/python3 -W ignore:setup.py install is deprecated -W ignore:easy_install command is deprecated setup.py develop --editable --build-directory /home/banana-killer/unitree_workspaces_and_repos/unitree_h1_control_ws/src/build/high_level_control/build --no-deps symlink_data
[1.707s] running develop
[1.855s] running egg_info
[1.855s] creating high_level_control.egg-info
[1.855s] writing high_level_control.egg-info/PKG-INFO
[1.855s] writing dependency_links to high_level_control.egg-info/dependency_links.txt
[1.855s] writing entry points to high_level_control.egg-info/entry_points.txt
[1.855s] writing requirements to high_level_control.egg-info/requires.txt
[1.855s] writing top-level names to high_level_control.egg-info/top_level.txt
[1.855s] writing manifest file 'high_level_control.egg-info/SOURCES.txt'
[1.884s] reading manifest file 'high_level_control.egg-info/SOURCES.txt'
[1.885s] writing manifest file 'high_level_control.egg-info/SOURCES.txt'
[1.923s] running build_ext
[1.923s] Creating /home/banana-killer/unitree_workspaces_and_repos/unitree_h1_control_ws/src/install/high_level_control/lib/python3.8/site-packages/site.py
[1.923s] Creating /home/banana-killer/unitree_workspaces_and_repos/unitree_h1_control_ws/src/install/high_level_control/lib/python3.8/site-packages/high-level-control.egg-link (link to .)
[1.924s] Installing beautiful_node script to /home/banana-killer/unitree_workspaces_and_repos/unitree_h1_control_ws/src/install/high_level_control/lib/high_level_control
[1.924s] Installing simple_node script to /home/banana-killer/unitree_workspaces_and_repos/unitree_h1_control_ws/src/install/high_level_control/lib/high_level_control
[1.925s] 
[1.925s] Installed /home/banana-killer/unitree_workspaces_and_repos/unitree_h1_control_ws/src/build/high_level_control
[1.925s] running symlink_data
[1.925s] creating /home/banana-killer/unitree_workspaces_and_repos/unitree_h1_control_ws/src/install/high_level_control/share/ament_index
[1.925s] creating /home/banana-killer/unitree_workspaces_and_repos/unitree_h1_control_ws/src/install/high_level_control/share/ament_index/resource_index
[1.925s] creating /home/banana-killer/unitree_workspaces_and_repos/unitree_h1_control_ws/src/install/high_level_control/share/ament_index/resource_index/packages
[1.925s] symbolically linking /home/banana-killer/unitree_workspaces_and_repos/unitree_h1_control_ws/src/build/high_level_control/resource/high_level_control -> /home/banana-killer/unitree_workspaces_and_repos/unitree_h1_control_ws/src/install/high_level_control/share/ament_index/resource_index/packages
[1.925s] symbolically linking /home/banana-killer/unitree_workspaces_and_repos/unitree_h1_control_ws/src/build/high_level_control/package.xml -> /home/banana-killer/unitree_workspaces_and_repos/unitree_h1_control_ws/src/install/high_level_control/share/high_level_control
[1.970s] Invoked command in '/home/banana-killer/unitree_workspaces_and_repos/unitree_h1_control_ws/src/build/high_level_control' returned '0': PYTHONPATH=/home/banana-killer/unitree_workspaces_and_repos/unitree_h1_control_ws/src/build/high_level_control/prefix_override:/usr/lib/python3/dist-packages/colcon_core/task/python/colcon_distutils_commands:/home/banana-killer/unitree_workspaces_and_repos/unitree_h1_control_ws/src/install/high_level_control/lib/python3.8/site-packages:${PYTHONPATH} /usr/bin/python3 -W ignore:setup.py install is deprecated -W ignore:easy_install command is deprecated setup.py develop --editable --build-directory /home/banana-killer/unitree_workspaces_and_repos/unitree_h1_control_ws/src/build/high_level_control/build --no-deps symlink_data
