running develop
running egg_info
creating cmd_to_high_level_control_package.egg-info
writing cmd_to_high_level_control_package.egg-info/PKG-INFO
writing dependency_links to cmd_to_high_level_control_package.egg-info/dependency_links.txt
writing entry points to cmd_to_high_level_control_package.egg-info/entry_points.txt
writing requirements to cmd_to_high_level_control_package.egg-info/requires.txt
writing top-level names to cmd_to_high_level_control_package.egg-info/top_level.txt
writing manifest file 'cmd_to_high_level_control_package.egg-info/SOURCES.txt'
reading manifest file 'cmd_to_high_level_control_package.egg-info/SOURCES.txt'
writing manifest file 'cmd_to_high_level_control_package.egg-info/SOURCES.txt'
running build_ext
Creating /home/banana-killer/unitree_workspaces_and_repos/unitree_h1_control_ws/src/install/cmd_to_high_level_control_package/lib/python3.8/site-packages/site.py
Creating /home/banana-killer/unitree_workspaces_and_repos/unitree_h1_control_ws/src/install/cmd_to_high_level_control_package/lib/python3.8/site-packages/cmd-to-high-level-control-package.egg-link (link to .)
Installing cmd_to_high_level_control_node script to /home/banana-killer/unitree_workspaces_and_repos/unitree_h1_control_ws/src/install/cmd_to_high_level_control_package/lib/cmd_to_high_level_control_package

Installed /home/banana-killer/unitree_workspaces_and_repos/unitree_h1_control_ws/src/build/cmd_to_high_level_control_package
running symlink_data
creating /home/banana-killer/unitree_workspaces_and_repos/unitree_h1_control_ws/src/install/cmd_to_high_level_control_package/share/ament_index
creating /home/banana-killer/unitree_workspaces_and_repos/unitree_h1_control_ws/src/install/cmd_to_high_level_control_package/share/ament_index/resource_index
creating /home/banana-killer/unitree_workspaces_and_repos/unitree_h1_control_ws/src/install/cmd_to_high_level_control_package/share/ament_index/resource_index/packages
symbolically linking /home/banana-killer/unitree_workspaces_and_repos/unitree_h1_control_ws/src/build/cmd_to_high_level_control_package/resource/cmd_to_high_level_control_package -> /home/banana-killer/unitree_workspaces_and_repos/unitree_h1_control_ws/src/install/cmd_to_high_level_control_package/share/ament_index/resource_index/packages
symbolically linking /home/banana-killer/unitree_workspaces_and_repos/unitree_h1_control_ws/src/build/cmd_to_high_level_control_package/package.xml -> /home/banana-killer/unitree_workspaces_and_repos/unitree_h1_control_ws/src/install/cmd_to_high_level_control_package/share/cmd_to_high_level_control_package
