[1.438s] Invoking command in '/home/banana-killer/unitree_workspaces_and_repos/unitree_h1_control_ws/src/build/cmd_to_high_level_control_package': PYTHONPATH=/home/banana-killer/unitree_workspaces_and_repos/unitree_h1_control_ws/src/build/cmd_to_high_level_control_package/prefix_override:/usr/lib/python3/dist-packages/colcon_core/task/python/colcon_distutils_commands:/home/banana-killer/unitree_workspaces_and_repos/unitree_h1_control_ws/src/install/cmd_to_high_level_control_package/lib/python3.8/site-packages:${PYTHONPATH} /usr/bin/python3 -W ignore:setup.py install is deprecated -W ignore:easy_install command is deprecated setup.py develop --editable --build-directory /home/banana-killer/unitree_workspaces_and_repos/unitree_h1_control_ws/src/build/cmd_to_high_level_control_package/build --no-deps symlink_data
[1.690s] running develop
[1.848s] running egg_info
[1.848s] creating cmd_to_high_level_control_package.egg-info
[1.849s] writing cmd_to_high_level_control_package.egg-info/PKG-INFO
[1.849s] writing dependency_links to cmd_to_high_level_control_package.egg-info/dependency_links.txt
[1.849s] writing entry points to cmd_to_high_level_control_package.egg-info/entry_points.txt
[1.849s] writing requirements to cmd_to_high_level_control_package.egg-info/requires.txt
[1.849s] writing top-level names to cmd_to_high_level_control_package.egg-info/top_level.txt
[1.851s] writing manifest file 'cmd_to_high_level_control_package.egg-info/SOURCES.txt'
[1.885s] reading manifest file 'cmd_to_high_level_control_package.egg-info/SOURCES.txt'
[1.885s] writing manifest file 'cmd_to_high_level_control_package.egg-info/SOURCES.txt'
[1.926s] running build_ext
[1.926s] Creating /home/banana-killer/unitree_workspaces_and_repos/unitree_h1_control_ws/src/install/cmd_to_high_level_control_package/lib/python3.8/site-packages/site.py
[1.926s] Creating /home/banana-killer/unitree_workspaces_and_repos/unitree_h1_control_ws/src/install/cmd_to_high_level_control_package/lib/python3.8/site-packages/cmd-to-high-level-control-package.egg-link (link to .)
[1.926s] Installing cmd_to_high_level_control_node script to /home/banana-killer/unitree_workspaces_and_repos/unitree_h1_control_ws/src/install/cmd_to_high_level_control_package/lib/cmd_to_high_level_control_package
[1.926s] 
[1.926s] Installed /home/banana-killer/unitree_workspaces_and_repos/unitree_h1_control_ws/src/build/cmd_to_high_level_control_package
[1.926s] running symlink_data
[1.926s] creating /home/banana-killer/unitree_workspaces_and_repos/unitree_h1_control_ws/src/install/cmd_to_high_level_control_package/share/ament_index
[1.926s] creating /home/banana-killer/unitree_workspaces_and_repos/unitree_h1_control_ws/src/install/cmd_to_high_level_control_package/share/ament_index/resource_index
[1.926s] creating /home/banana-killer/unitree_workspaces_and_repos/unitree_h1_control_ws/src/install/cmd_to_high_level_control_package/share/ament_index/resource_index/packages
[1.926s] symbolically linking /home/banana-killer/unitree_workspaces_and_repos/unitree_h1_control_ws/src/build/cmd_to_high_level_control_package/resource/cmd_to_high_level_control_package -> /home/banana-killer/unitree_workspaces_and_repos/unitree_h1_control_ws/src/install/cmd_to_high_level_control_package/share/ament_index/resource_index/packages
[1.927s] symbolically linking /home/banana-killer/unitree_workspaces_and_repos/unitree_h1_control_ws/src/build/cmd_to_high_level_control_package/package.xml -> /home/banana-killer/unitree_workspaces_and_repos/unitree_h1_control_ws/src/install/cmd_to_high_level_control_package/share/cmd_to_high_level_control_package
[1.971s] Invoked command in '/home/banana-killer/unitree_workspaces_and_repos/unitree_h1_control_ws/src/build/cmd_to_high_level_control_package' returned '0': PYTHONPATH=/home/banana-killer/unitree_workspaces_and_repos/unitree_h1_control_ws/src/build/cmd_to_high_level_control_package/prefix_override:/usr/lib/python3/dist-packages/colcon_core/task/python/colcon_distutils_commands:/home/banana-killer/unitree_workspaces_and_repos/unitree_h1_control_ws/src/install/cmd_to_high_level_control_package/lib/python3.8/site-packages:${PYTHONPATH} /usr/bin/python3 -W ignore:setup.py install is deprecated -W ignore:easy_install command is deprecated setup.py develop --editable --build-directory /home/banana-killer/unitree_workspaces_and_repos/unitree_h1_control_ws/src/build/cmd_to_high_level_control_package/build --no-deps symlink_data
