running develop
running egg_info
creating gui_control.egg-info
writing gui_control.egg-info/PKG-INFO
writing dependency_links to gui_control.egg-info/dependency_links.txt
writing entry points to gui_control.egg-info/entry_points.txt
writing requirements to gui_control.egg-info/requires.txt
writing top-level names to gui_control.egg-info/top_level.txt
writing manifest file 'gui_control.egg-info/SOURCES.txt'
reading manifest file 'gui_control.egg-info/SOURCES.txt'
writing manifest file 'gui_control.egg-info/SOURCES.txt'
running build_ext
Creating /home/banana-killer/unitree_workspaces_and_repos/unitree_h1_control_ws/src/install/gui_control/lib/python3.8/site-packages/site.py
Creating /home/banana-killer/unitree_workspaces_and_repos/unitree_h1_control_ws/src/install/gui_control/lib/python3.8/site-packages/gui-control.egg-link (link to .)
Installing gui_control_node script to /home/banana-killer/unitree_workspaces_and_repos/unitree_h1_control_ws/src/install/gui_control/lib/gui_control

Installed /home/banana-killer/unitree_workspaces_and_repos/unitree_h1_control_ws/src/build/gui_control
running symlink_data
creating /home/banana-killer/unitree_workspaces_and_repos/unitree_h1_control_ws/src/install/gui_control/share/ament_index
creating /home/banana-killer/unitree_workspaces_and_repos/unitree_h1_control_ws/src/install/gui_control/share/ament_index/resource_index
creating /home/banana-killer/unitree_workspaces_and_repos/unitree_h1_control_ws/src/install/gui_control/share/ament_index/resource_index/packages
symbolically linking /home/banana-killer/unitree_workspaces_and_repos/unitree_h1_control_ws/src/build/gui_control/resource/gui_control -> /home/banana-killer/unitree_workspaces_and_repos/unitree_h1_control_ws/src/install/gui_control/share/ament_index/resource_index/packages
symbolically linking /home/banana-killer/unitree_workspaces_and_repos/unitree_h1_control_ws/src/build/gui_control/package.xml -> /home/banana-killer/unitree_workspaces_and_repos/unitree_h1_control_ws/src/install/gui_control/share/gui_control
creating /home/banana-killer/unitree_workspaces_and_repos/unitree_h1_control_ws/src/install/gui_control/share/gui_control/resource
symbolically linking /home/banana-killer/unitree_workspaces_and_repos/unitree_h1_control_ws/src/build/gui_control/resource/unitree_h1_joints.png -> /home/banana-killer/unitree_workspaces_and_repos/unitree_h1_control_ws/src/install/gui_control/share/gui_control/resource
