[1.651s] Invoking command in '/home/banana-killer/unitree_workspaces_and_repos/unitree_h1_control_ws/src/build/gui_control': PYTHONPATH=/home/banana-killer/unitree_workspaces_and_repos/unitree_h1_control_ws/src/build/gui_control/prefix_override:/usr/lib/python3/dist-packages/colcon_core/task/python/colcon_distutils_commands:/home/banana-killer/unitree_workspaces_and_repos/unitree_h1_control_ws/src/install/gui_control/lib/python3.8/site-packages:${PYTHONPATH} /usr/bin/python3 -W ignore:setup.py install is deprecated -W ignore:easy_install command is deprecated setup.py develop --editable --build-directory /home/banana-killer/unitree_workspaces_and_repos/unitree_h1_control_ws/src/build/gui_control/build --no-deps symlink_data
[1.923s] running develop
[2.144s] running egg_info
[2.144s] creating gui_control.egg-info
[2.144s] writing gui_control.egg-info/PKG-INFO
[2.145s] writing dependency_links to gui_control.egg-info/dependency_links.txt
[2.145s] writing entry points to gui_control.egg-info/entry_points.txt
[2.145s] writing requirements to gui_control.egg-info/requires.txt
[2.145s] writing top-level names to gui_control.egg-info/top_level.txt
[2.145s] writing manifest file 'gui_control.egg-info/SOURCES.txt'
[2.169s] reading manifest file 'gui_control.egg-info/SOURCES.txt'
[2.170s] writing manifest file 'gui_control.egg-info/SOURCES.txt'
[2.196s] running build_ext
[2.197s] Creating /home/banana-killer/unitree_workspaces_and_repos/unitree_h1_control_ws/src/install/gui_control/lib/python3.8/site-packages/site.py
[2.199s] Creating /home/banana-killer/unitree_workspaces_and_repos/unitree_h1_control_ws/src/install/gui_control/lib/python3.8/site-packages/gui-control.egg-link (link to .)
[2.199s] Installing gui_control_node script to /home/banana-killer/unitree_workspaces_and_repos/unitree_h1_control_ws/src/install/gui_control/lib/gui_control
[2.200s] 
[2.200s] Installed /home/banana-killer/unitree_workspaces_and_repos/unitree_h1_control_ws/src/build/gui_control
[2.200s] running symlink_data
[2.200s] creating /home/banana-killer/unitree_workspaces_and_repos/unitree_h1_control_ws/src/install/gui_control/share/ament_index
[2.200s] creating /home/banana-killer/unitree_workspaces_and_repos/unitree_h1_control_ws/src/install/gui_control/share/ament_index/resource_index
[2.200s] creating /home/banana-killer/unitree_workspaces_and_repos/unitree_h1_control_ws/src/install/gui_control/share/ament_index/resource_index/packages
[2.200s] symbolically linking /home/banana-killer/unitree_workspaces_and_repos/unitree_h1_control_ws/src/build/gui_control/resource/gui_control -> /home/banana-killer/unitree_workspaces_and_repos/unitree_h1_control_ws/src/install/gui_control/share/ament_index/resource_index/packages
[2.201s] symbolically linking /home/banana-killer/unitree_workspaces_and_repos/unitree_h1_control_ws/src/build/gui_control/package.xml -> /home/banana-killer/unitree_workspaces_and_repos/unitree_h1_control_ws/src/install/gui_control/share/gui_control
[2.201s] creating /home/banana-killer/unitree_workspaces_and_repos/unitree_h1_control_ws/src/install/gui_control/share/gui_control/resource
[2.201s] symbolically linking /home/banana-killer/unitree_workspaces_and_repos/unitree_h1_control_ws/src/build/gui_control/resource/unitree_h1_joints.png -> /home/banana-killer/unitree_workspaces_and_repos/unitree_h1_control_ws/src/install/gui_control/share/gui_control/resource
[2.357s] Invoked command in '/home/banana-killer/unitree_workspaces_and_repos/unitree_h1_control_ws/src/build/gui_control' returned '0': PYTHONPATH=/home/banana-killer/unitree_workspaces_and_repos/unitree_h1_control_ws/src/build/gui_control/prefix_override:/usr/lib/python3/dist-packages/colcon_core/task/python/colcon_distutils_commands:/home/banana-killer/unitree_workspaces_and_repos/unitree_h1_control_ws/src/install/gui_control/lib/python3.8/site-packages:${PYTHONPATH} /usr/bin/python3 -W ignore:setup.py install is deprecated -W ignore:easy_install command is deprecated setup.py develop --editable --build-directory /home/banana-killer/unitree_workspaces_and_repos/unitree_h1_control_ws/src/build/gui_control/build --no-deps symlink_data
