running develop
running egg_info
creating teleop_twist_keyboard_custom.egg-info
writing teleop_twist_keyboard_custom.egg-info/PKG-INFO
writing dependency_links to teleop_twist_keyboard_custom.egg-info/dependency_links.txt
writing entry points to teleop_twist_keyboard_custom.egg-info/entry_points.txt
writing requirements to teleop_twist_keyboard_custom.egg-info/requires.txt
writing top-level names to teleop_twist_keyboard_custom.egg-info/top_level.txt
writing manifest file 'teleop_twist_keyboard_custom.egg-info/SOURCES.txt'
reading manifest file 'teleop_twist_keyboard_custom.egg-info/SOURCES.txt'
writing manifest file 'teleop_twist_keyboard_custom.egg-info/SOURCES.txt'
running build_ext
Creating /home/banana-killer/unitree_workspaces_and_repos/unitree_h1_control_ws/src/install/teleop_twist_keyboard_custom/lib/python3.8/site-packages/site.py
Creating /home/banana-killer/unitree_workspaces_and_repos/unitree_h1_control_ws/src/install/teleop_twist_keyboard_custom/lib/python3.8/site-packages/teleop-twist-keyboard-custom.egg-link (link to .)
Installing teleop_node script to /home/banana-killer/unitree_workspaces_and_repos/unitree_h1_control_ws/src/install/teleop_twist_keyboard_custom/lib/teleop_twist_keyboard_custom

Installed /home/banana-killer/unitree_workspaces_and_repos/unitree_h1_control_ws/src/build/teleop_twist_keyboard_custom
running symlink_data
creating /home/banana-killer/unitree_workspaces_and_repos/unitree_h1_control_ws/src/install/teleop_twist_keyboard_custom/share/ament_index
creating /home/banana-killer/unitree_workspaces_and_repos/unitree_h1_control_ws/src/install/teleop_twist_keyboard_custom/share/ament_index/resource_index
creating /home/banana-killer/unitree_workspaces_and_repos/unitree_h1_control_ws/src/install/teleop_twist_keyboard_custom/share/ament_index/resource_index/packages
symbolically linking /home/banana-killer/unitree_workspaces_and_repos/unitree_h1_control_ws/src/build/teleop_twist_keyboard_custom/resource/teleop_twist_keyboard_custom -> /home/banana-killer/unitree_workspaces_and_repos/unitree_h1_control_ws/src/install/teleop_twist_keyboard_custom/share/ament_index/resource_index/packages
symbolically linking /home/banana-killer/unitree_workspaces_and_repos/unitree_h1_control_ws/src/build/teleop_twist_keyboard_custom/package.xml -> /home/banana-killer/unitree_workspaces_and_repos/unitree_h1_control_ws/src/install/teleop_twist_keyboard_custom/share/teleop_twist_keyboard_custom
