[1.428s] Invoking command in '/home/banana-killer/unitree_workspaces_and_repos/unitree_h1_control_ws/src/build/teleop_twist_keyboard_custom': PYTHONPATH=/home/banana-killer/unitree_workspaces_and_repos/unitree_h1_control_ws/src/build/teleop_twist_keyboard_custom/prefix_override:/usr/lib/python3/dist-packages/colcon_core/task/python/colcon_distutils_commands:/home/banana-killer/unitree_workspaces_and_repos/unitree_h1_control_ws/src/install/teleop_twist_keyboard_custom/lib/python3.8/site-packages:${PYTHONPATH} /usr/bin/python3 -W ignore:setup.py install is deprecated -W ignore:easy_install command is deprecated setup.py develop --editable --build-directory /home/banana-killer/unitree_workspaces_and_repos/unitree_h1_control_ws/src/build/teleop_twist_keyboard_custom/build --no-deps symlink_data
[1.753s] running develop
[1.928s] running egg_info
[1.928s] creating teleop_twist_keyboard_custom.egg-info
[1.929s] writing teleop_twist_keyboard_custom.egg-info/PKG-INFO
[1.929s] writing dependency_links to teleop_twist_keyboard_custom.egg-info/dependency_links.txt
[1.929s] writing entry points to teleop_twist_keyboard_custom.egg-info/entry_points.txt
[1.929s] writing requirements to teleop_twist_keyboard_custom.egg-info/requires.txt
[1.929s] writing top-level names to teleop_twist_keyboard_custom.egg-info/top_level.txt
[1.931s] writing manifest file 'teleop_twist_keyboard_custom.egg-info/SOURCES.txt'
[1.968s] reading manifest file 'teleop_twist_keyboard_custom.egg-info/SOURCES.txt'
[1.969s] writing manifest file 'teleop_twist_keyboard_custom.egg-info/SOURCES.txt'
[2.010s] running build_ext
[2.010s] Creating /home/banana-killer/unitree_workspaces_and_repos/unitree_h1_control_ws/src/install/teleop_twist_keyboard_custom/lib/python3.8/site-packages/site.py
[2.012s] Creating /home/banana-killer/unitree_workspaces_and_repos/unitree_h1_control_ws/src/install/teleop_twist_keyboard_custom/lib/python3.8/site-packages/teleop-twist-keyboard-custom.egg-link (link to .)
[2.013s] Installing teleop_node script to /home/banana-killer/unitree_workspaces_and_repos/unitree_h1_control_ws/src/install/teleop_twist_keyboard_custom/lib/teleop_twist_keyboard_custom
[2.013s] 
[2.013s] Installed /home/banana-killer/unitree_workspaces_and_repos/unitree_h1_control_ws/src/build/teleop_twist_keyboard_custom
[2.014s] running symlink_data
[2.014s] creating /home/banana-killer/unitree_workspaces_and_repos/unitree_h1_control_ws/src/install/teleop_twist_keyboard_custom/share/ament_index
[2.014s] creating /home/banana-killer/unitree_workspaces_and_repos/unitree_h1_control_ws/src/install/teleop_twist_keyboard_custom/share/ament_index/resource_index
[2.014s] creating /home/banana-killer/unitree_workspaces_and_repos/unitree_h1_control_ws/src/install/teleop_twist_keyboard_custom/share/ament_index/resource_index/packages
[2.014s] symbolically linking /home/banana-killer/unitree_workspaces_and_repos/unitree_h1_control_ws/src/build/teleop_twist_keyboard_custom/resource/teleop_twist_keyboard_custom -> /home/banana-killer/unitree_workspaces_and_repos/unitree_h1_control_ws/src/install/teleop_twist_keyboard_custom/share/ament_index/resource_index/packages
[2.014s] symbolically linking /home/banana-killer/unitree_workspaces_and_repos/unitree_h1_control_ws/src/build/teleop_twist_keyboard_custom/package.xml -> /home/banana-killer/unitree_workspaces_and_repos/unitree_h1_control_ws/src/install/teleop_twist_keyboard_custom/share/teleop_twist_keyboard_custom
[2.057s] Invoked command in '/home/banana-killer/unitree_workspaces_and_repos/unitree_h1_control_ws/src/build/teleop_twist_keyboard_custom' returned '0': PYTHONPATH=/home/banana-killer/unitree_workspaces_and_repos/unitree_h1_control_ws/src/build/teleop_twist_keyboard_custom/prefix_override:/usr/lib/python3/dist-packages/colcon_core/task/python/colcon_distutils_commands:/home/banana-killer/unitree_workspaces_and_repos/unitree_h1_control_ws/src/install/teleop_twist_keyboard_custom/lib/python3.8/site-packages:${PYTHONPATH} /usr/bin/python3 -W ignore:setup.py install is deprecated -W ignore:easy_install command is deprecated setup.py develop --editable --build-directory /home/banana-killer/unitree_workspaces_and_repos/unitree_h1_control_ws/src/build/teleop_twist_keyboard_custom/build --no-deps symlink_data
