[0.677s] Invoking command in '/home/banana-killer/unitree_workspaces_and_repos/unitree_h1_control_ws/src/build/completed_scripts_control': AMENT_PREFIX_PATH=/home/banana-killer/unitree_workspaces_and_repos/unitree_h1_control_ws/src/install/low_level_control:/home/banana-killer/unitree_workspaces_and_repos/unitree_h1_control_ws/src/install/cmd_to_high_level_control_package:${AMENT_PREFIX_PATH} PYTHONPATH=/home/banana-killer/unitree_workspaces_and_repos/unitree_h1_control_ws/src/build/completed_scripts_control/prefix_override:/usr/lib/python3/dist-packages/colcon_core/task/python/colcon_distutils_commands:/home/banana-killer/unitree_workspaces_and_repos/unitree_h1_control_ws/src/install/completed_scripts_control/lib/python3.8/site-packages:/home/banana-killer/unitree_workspaces_and_repos/unitree_h1_control_ws/src/build/low_level_control:/home/banana-killer/unitree_workspaces_and_repos/unitree_h1_control_ws/src/install/low_level_control/lib/python3.8/site-packages:/home/banana-killer/unitree_workspaces_and_repos/unitree_h1_control_ws/src/build/cmd_to_high_level_control_package:/home/banana-killer/unitree_workspaces_and_repos/unitree_h1_control_ws/src/install/cmd_to_high_level_control_package/lib/python3.8/site-packages:${PYTHONPATH} /usr/bin/python3 -W ignore:setup.py install is deprecated -W ignore:easy_install command is deprecated setup.py develop --editable --build-directory /home/banana-killer/unitree_workspaces_and_repos/unitree_h1_control_ws/src/build/completed_scripts_control/build --no-deps symlink_data
[0.871s] running develop
[0.979s] running egg_info
[0.979s] creating completed_scripts_control.egg-info
[0.979s] writing completed_scripts_control.egg-info/PKG-INFO
[0.979s] writing dependency_links to completed_scripts_control.egg-info/dependency_links.txt
[0.979s] writing entry points to completed_scripts_control.egg-info/entry_points.txt
[0.979s] writing requirements to completed_scripts_control.egg-info/requires.txt
[0.980s] writing top-level names to completed_scripts_control.egg-info/top_level.txt
[0.980s] writing manifest file 'completed_scripts_control.egg-info/SOURCES.txt'
[1.004s] reading manifest file 'completed_scripts_control.egg-info/SOURCES.txt'
[1.004s] writing manifest file 'completed_scripts_control.egg-info/SOURCES.txt'
[1.028s] running build_ext
[1.028s] Creating /home/banana-killer/unitree_workspaces_and_repos/unitree_h1_control_ws/src/install/completed_scripts_control/lib/python3.8/site-packages/site.py
[1.030s] Creating /home/banana-killer/unitree_workspaces_and_repos/unitree_h1_control_ws/src/install/completed_scripts_control/lib/python3.8/site-packages/completed-scripts-control.egg-link (link to .)
[1.030s] 
[1.030s] Installed /home/banana-killer/unitree_workspaces_and_repos/unitree_h1_control_ws/src/build/completed_scripts_control
[1.031s] running symlink_data
[1.031s] creating /home/banana-killer/unitree_workspaces_and_repos/unitree_h1_control_ws/src/install/completed_scripts_control/share/ament_index
[1.031s] creating /home/banana-killer/unitree_workspaces_and_repos/unitree_h1_control_ws/src/install/completed_scripts_control/share/ament_index/resource_index
[1.031s] creating /home/banana-killer/unitree_workspaces_and_repos/unitree_h1_control_ws/src/install/completed_scripts_control/share/ament_index/resource_index/packages
[1.031s] symbolically linking /home/banana-killer/unitree_workspaces_and_repos/unitree_h1_control_ws/src/build/completed_scripts_control/resource/completed_scripts_control -> /home/banana-killer/unitree_workspaces_and_repos/unitree_h1_control_ws/src/install/completed_scripts_control/share/ament_index/resource_index/packages
[1.031s] symbolically linking /home/banana-killer/unitree_workspaces_and_repos/unitree_h1_control_ws/src/build/completed_scripts_control/package.xml -> /home/banana-killer/unitree_workspaces_and_repos/unitree_h1_control_ws/src/install/completed_scripts_control/share/completed_scripts_control
[1.031s] creating /home/banana-killer/unitree_workspaces_and_repos/unitree_h1_control_ws/src/install/completed_scripts_control/share/completed_scripts_control/launch
[1.031s] symbolically linking /home/banana-killer/unitree_workspaces_and_repos/unitree_h1_control_ws/src/build/completed_scripts_control/launch/control_H1_without_hands_launch.py -> /home/banana-killer/unitree_workspaces_and_repos/unitree_h1_control_ws/src/install/completed_scripts_control/share/completed_scripts_control/launch
[1.031s] symbolically linking /home/banana-killer/unitree_workspaces_and_repos/unitree_h1_control_ws/src/build/completed_scripts_control/launch/control_for_slam_without_hands_launch.py -> /home/banana-killer/unitree_workspaces_and_repos/unitree_h1_control_ws/src/install/completed_scripts_control/share/completed_scripts_control/launch
[1.031s] symbolically linking /home/banana-killer/unitree_workspaces_and_repos/unitree_h1_control_ws/src/build/completed_scripts_control/launch/control_H1_with_hands_launch.py -> /home/banana-killer/unitree_workspaces_and_repos/unitree_h1_control_ws/src/install/completed_scripts_control/share/completed_scripts_control/launch
[1.031s] symbolically linking /home/banana-killer/unitree_workspaces_and_repos/unitree_h1_control_ws/src/build/completed_scripts_control/launch/control_for_slam_with_hands_launch.py -> /home/banana-killer/unitree_workspaces_and_repos/unitree_h1_control_ws/src/install/completed_scripts_control/share/completed_scripts_control/launch
[1.058s] Invoked command in '/home/banana-killer/unitree_workspaces_and_repos/unitree_h1_control_ws/src/build/completed_scripts_control' returned '0': AMENT_PREFIX_PATH=/home/banana-killer/unitree_workspaces_and_repos/unitree_h1_control_ws/src/install/low_level_control:/home/banana-killer/unitree_workspaces_and_repos/unitree_h1_control_ws/src/install/cmd_to_high_level_control_package:${AMENT_PREFIX_PATH} PYTHONPATH=/home/banana-killer/unitree_workspaces_and_repos/unitree_h1_control_ws/src/build/completed_scripts_control/prefix_override:/usr/lib/python3/dist-packages/colcon_core/task/python/colcon_distutils_commands:/home/banana-killer/unitree_workspaces_and_repos/unitree_h1_control_ws/src/install/completed_scripts_control/lib/python3.8/site-packages:/home/banana-killer/unitree_workspaces_and_repos/unitree_h1_control_ws/src/build/low_level_control:/home/banana-killer/unitree_workspaces_and_repos/unitree_h1_control_ws/src/install/low_level_control/lib/python3.8/site-packages:/home/banana-killer/unitree_workspaces_and_repos/unitree_h1_control_ws/src/build/cmd_to_high_level_control_package:/home/banana-killer/unitree_workspaces_and_repos/unitree_h1_control_ws/src/install/cmd_to_high_level_control_package/lib/python3.8/site-packages:${PYTHONPATH} /usr/bin/python3 -W ignore:setup.py install is deprecated -W ignore:easy_install command is deprecated setup.py develop --editable --build-directory /home/banana-killer/unitree_workspaces_and_repos/unitree_h1_control_ws/src/build/completed_scripts_control/build --no-deps symlink_data
